<?xml version="1.0" encoding="UTF-8"?>
<testsuite name="AccountServiceTest" tests="1" skipped="0" failures="0" errors="0" timestamp="2022-09-08T10:34:06" hostname="DESKTOP-5U6L102" time="22.684">
  <properties/>
  <testcase name="start" classname="AccountServiceTest" time="22.684"/>
  <system-out><![CDATA[?[1;31m
Start test 1?[0m
 __    __   __          __    __       _______. __  
|  |  |  | |  |        |  |  |  |     /       ||  | 
|  |__|  | |  |        |  |__|  |    |   (----`|  | 
|   __   | |  |        |   __   |     \   \    |  | 
|  |  |  | |  |  __    |  |  |  | .----)   |   |__| 
|__|  |__| |__| (_ )   |__|  |__| |_______/    (__) 
                 |/           
 :: Spring Boot ::                 (v2.3.1.RELEASE)

2022-09-08 14:34:07.828  INFO 6524 --- [    Test worker] account.AccountServiceApplication        : Starting AccountServiceApplication on DESKTOP-5U6L102 with PID 6524 (started by sergdm in C:\java\hyperskill.org\Account Service\Account Service\task)
2022-09-08 14:34:07.848  INFO 6524 --- [    Test worker] account.AccountServiceApplication        : No active profile set, falling back to default profiles: default
2022-09-08 14:34:09.777  INFO 6524 --- [    Test worker] .s.d.r.c.RepositoryConfigurationDelegate : Bootstrapping Spring Data JPA repositories in DEFERRED mode.
2022-09-08 14:34:09.917  INFO 6524 --- [    Test worker] .s.d.r.c.RepositoryConfigurationDelegate : Finished Spring Data repository scanning in 127ms. Found 3 JPA repository interfaces.
2022-09-08 14:34:11.011  INFO 6524 --- [    Test worker] o.s.b.w.embedded.tomcat.TomcatWebServer  : Tomcat initialized with port(s): 28852 (http)
2022-09-08 14:34:11.021  INFO 6524 --- [    Test worker] o.apache.catalina.core.StandardService   : Starting service [Tomcat]
2022-09-08 14:34:11.021  INFO 6524 --- [    Test worker] org.apache.catalina.core.StandardEngine  : Starting Servlet engine: [Apache Tomcat/9.0.36]
2022-09-08 14:34:11.263  INFO 6524 --- [    Test worker] o.a.c.c.C.[Tomcat].[localhost].[/]       : Initializing Spring embedded WebApplicationContext
2022-09-08 14:34:11.263  INFO 6524 --- [    Test worker] w.s.c.ServletWebServerApplicationContext : Root WebApplicationContext: initialization completed in 3288 ms
2022-09-08 14:34:11.484  INFO 6524 --- [    Test worker] com.zaxxer.hikari.HikariDataSource       : HikariPool-1 - Starting...
2022-09-08 14:34:11.875  INFO 6524 --- [    Test worker] com.zaxxer.hikari.HikariDataSource       : HikariPool-1 - Start completed.
2022-09-08 14:34:11.885  INFO 6524 --- [    Test worker] o.s.b.a.h2.H2ConsoleAutoConfiguration    : H2 console available at '/h2-console'. Database available at 'jdbc:h2:file:~/account_db'
2022-09-08 14:34:12.154  INFO 6524 --- [    Test worker] o.s.s.concurrent.ThreadPoolTaskExecutor  : Initializing ExecutorService 'applicationTaskExecutor'
2022-09-08 14:34:12.262  INFO 6524 --- [         task-1] o.hibernate.jpa.internal.util.LogHelper  : HHH000204: Processing PersistenceUnitInfo [name: default]
2022-09-08 14:34:12.448  INFO 6524 --- [         task-1] org.hibernate.Version                    : HHH000412: Hibernate ORM core version 5.4.17.Final
2022-09-08 14:34:12.577  WARN 6524 --- [    Test worker] JpaBaseConfiguration$JpaWebConfiguration : spring.jpa.open-in-view is enabled by default. Therefore, database queries may be performed during view rendering. Explicitly configure spring.jpa.open-in-view to disable this warning
2022-09-08 14:34:12.938  INFO 6524 --- [         task-1] o.hibernate.annotations.common.Version   : HCANN000001: Hibernate Commons Annotations {5.1.0.Final}
2022-09-08 14:34:13.264  INFO 6524 --- [         task-1] org.hibernate.dialect.Dialect            : HHH000400: Using dialect: org.hibernate.dialect.H2Dialect
2022-09-08 14:34:13.674  INFO 6524 --- [    Test worker] o.s.b.a.e.web.EndpointLinksResolver      : Exposing 14 endpoint(s) beneath base path '/actuator'
2022-09-08 14:34:13.802  INFO 6524 --- [    Test worker] o.s.s.web.DefaultSecurityFilterChain     : Creating filter chain: any request, [org.springframework.security.web.context.request.async.WebAsyncManagerIntegrationFilter@733fa95c, org.springframework.security.web.context.SecurityContextPersistenceFilter@7a7f9d45, org.springframework.security.web.header.HeaderWriterFilter@13404f75, org.springframework.security.web.authentication.logout.LogoutFilter@5e95b0ab, org.springframework.security.web.authentication.www.BasicAuthenticationFilter@42edde25, org.springframework.security.web.savedrequest.RequestCacheAwareFilter@1b98355f, org.springframework.security.web.servletapi.SecurityContextHolderAwareRequestFilter@47b961e2, org.springframework.security.web.authentication.AnonymousAuthenticationFilter@3b2c8bda, org.springframework.security.web.session.SessionManagementFilter@7962a746, org.springframework.security.web.access.ExceptionTranslationFilter@66314fee, org.springframework.security.web.access.intercept.FilterSecurityInterceptor@41bd6a0f]
Hibernate: create table employee (id bigint generated by default as identity, employee varchar(255), period varchar(255), salary bigint check (salary>=0), primary key (id))
Hibernate: create table event (id integer generated by default as identity, action varchar(255), date timestamp, object varchar(255), path varchar(255), subject varchar(255), primary key (id))
Hibernate: create table user (id bigint not null, account_non_expired boolean not null, account_non_locked boolean not null, credentials_non_expired boolean not null, email varchar(255), enabled boolean not null, failed_login integer not null, lastname varchar(255), name varchar(255), password varchar(255), username varchar(255), primary key (id))
Hibernate: create table user_roles (user_id bigint not null, roles varchar(255))
Hibernate: create sequence hibernate_sequence start with 1 increment by 1
Hibernate: alter table user_roles add constraint FK55itppkw3i07do3h7qoclqd4k foreign key (user_id) references user
2022-09-08 14:34:15.111  INFO 6524 --- [         task-1] o.h.e.t.j.p.i.JtaPlatformInitiator       : HHH000490: Using JtaPlatform implementation: [org.hibernate.engine.transaction.jta.platform.internal.NoJtaPlatform]
2022-09-08 14:34:15.121  INFO 6524 --- [         task-1] j.LocalContainerEntityManagerFactoryBean : Initialized JPA EntityManagerFactory for persistence unit 'default'
2022-09-08 14:34:15.295  INFO 6524 --- [    Test worker] o.s.b.w.embedded.tomcat.TomcatWebServer  : Tomcat started on port(s): 28852 (http) with context path ''
2022-09-08 14:34:15.295  INFO 6524 --- [    Test worker] DeferredRepositoryInitializationListener : Triggering deferred initialization of Spring Data repositories…
2022-09-08 14:34:15.939  INFO 6524 --- [    Test worker] DeferredRepositoryInitializationListener : Spring Data repositories initialized!
2022-09-08 14:34:15.959  INFO 6524 --- [    Test worker] account.AccountServiceApplication        : Started AccountServiceApplication in 8.764 seconds (JVM running for 10.405)
2022-09-08 14:34:16.462  INFO 6524 --- [io-28852-exec-1] o.a.c.c.C.[Tomcat].[localhost].[/]       : Initializing Spring DispatcherServlet 'dispatcherServlet'
2022-09-08 14:34:16.462  INFO 6524 --- [io-28852-exec-1] o.s.web.servlet.DispatcherServlet        : Initializing Servlet 'dispatcherServlet'
2022-09-08 14:34:16.482  INFO 6524 --- [io-28852-exec-1] o.s.web.servlet.DispatcherServlet        : Completed initialization in 20 ms
Hibernate: select user0_.id as id1_2_, user0_.account_non_expired as account_2_2_, user0_.account_non_locked as account_3_2_, user0_.credentials_non_expired as credenti4_2_, user0_.email as email5_2_, user0_.enabled as enabled6_2_, user0_.failed_login as failed_l7_2_, user0_.lastname as lastname8_2_, user0_.name as name9_2_, user0_.password as passwor10_2_, user0_.username as usernam11_2_ from user user0_ where user0_.username=?
Hibernate: select count(*) as col_0_0_ from user user0_
Hibernate: call next value for hibernate_sequence
Hibernate: insert into user (account_non_expired, account_non_locked, credentials_non_expired, email, enabled, failed_login, lastname, name, password, username, id) values (?, ?, ?, ?, ?, ?, ?, ?, ?, ?, ?)
Hibernate: insert into event (id, action, date, object, path, subject) values (null, ?, ?, ?, ?, ?)
Hibernate: insert into user_roles (user_id, roles) values (?, ?)
?[1;31m
Start test 2?[0m
Hibernate: select user0_.id as id1_2_, user0_.account_non_expired as account_2_2_, user0_.account_non_locked as account_3_2_, user0_.credentials_non_expired as credenti4_2_, user0_.email as email5_2_, user0_.enabled as enabled6_2_, user0_.failed_login as failed_l7_2_, user0_.lastname as lastname8_2_, user0_.name as name9_2_, user0_.password as passwor10_2_, user0_.username as usernam11_2_ from user user0_ where user0_.username=?
Hibernate: select count(*) as col_0_0_ from user user0_
Hibernate: call next value for hibernate_sequence
Hibernate: insert into user (account_non_expired, account_non_locked, credentials_non_expired, email, enabled, failed_login, lastname, name, password, username, id) values (?, ?, ?, ?, ?, ?, ?, ?, ?, ?, ?)
Hibernate: insert into event (id, action, date, object, path, subject) values (null, ?, ?, ?, ?, ?)
Hibernate: insert into user_roles (user_id, roles) values (?, ?)
?[1;31m
Start test 3?[0m
Hibernate: select user0_.id as id1_2_, user0_.account_non_expired as account_2_2_, user0_.account_non_locked as account_3_2_, user0_.credentials_non_expired as credenti4_2_, user0_.email as email5_2_, user0_.enabled as enabled6_2_, user0_.failed_login as failed_l7_2_, user0_.lastname as lastname8_2_, user0_.name as name9_2_, user0_.password as passwor10_2_, user0_.username as usernam11_2_ from user user0_ where user0_.username=?
Hibernate: select roles0_.user_id as user_id1_3_0_, roles0_.roles as roles2_3_0_ from user_roles roles0_ where roles0_.user_id=?
Hibernate: select user0_.id as id1_2_, user0_.account_non_expired as account_2_2_, user0_.account_non_locked as account_3_2_, user0_.credentials_non_expired as credenti4_2_, user0_.email as email5_2_, user0_.enabled as enabled6_2_, user0_.failed_login as failed_l7_2_, user0_.lastname as lastname8_2_, user0_.name as name9_2_, user0_.password as passwor10_2_, user0_.username as usernam11_2_ from user user0_ where user0_.username=?
Hibernate: select roles0_.user_id as user_id1_3_0_, roles0_.roles as roles2_3_0_ from user_roles roles0_ where roles0_.user_id=?
Hibernate: insert into event (id, action, date, object, path, subject) values (null, ?, ?, ?, ?, ?)
Hibernate: delete from user_roles where user_id=?
Hibernate: insert into user_roles (user_id, roles) values (?, ?)
Hibernate: insert into user_roles (user_id, roles) values (?, ?)
?[1;31m
Start test 4?[0m
Hibernate: select user0_.id as id1_2_, user0_.account_non_expired as account_2_2_, user0_.account_non_locked as account_3_2_, user0_.credentials_non_expired as credenti4_2_, user0_.email as email5_2_, user0_.enabled as enabled6_2_, user0_.failed_login as failed_l7_2_, user0_.lastname as lastname8_2_, user0_.name as name9_2_, user0_.password as passwor10_2_, user0_.username as usernam11_2_ from user user0_ where user0_.username=?
Hibernate: select roles0_.user_id as user_id1_3_0_, roles0_.roles as roles2_3_0_ from user_roles roles0_ where roles0_.user_id=?
Hibernate: select event0_.id as id1_1_, event0_.action as action2_1_, event0_.date as date3_1_, event0_.object as object4_1_, event0_.path as path5_1_, event0_.subject as subject6_1_ from event event0_
?[1;31m
Start test 5?[0m
Hibernate: select user0_.id as id1_2_, user0_.account_non_expired as account_2_2_, user0_.account_non_locked as account_3_2_, user0_.credentials_non_expired as credenti4_2_, user0_.email as email5_2_, user0_.enabled as enabled6_2_, user0_.failed_login as failed_l7_2_, user0_.lastname as lastname8_2_, user0_.name as name9_2_, user0_.password as passwor10_2_, user0_.username as usernam11_2_ from user user0_ where user0_.username=?
Hibernate: select roles0_.user_id as user_id1_3_0_, roles0_.roles as roles2_3_0_ from user_roles roles0_ where roles0_.user_id=?
Hibernate: select event0_.id as id1_1_, event0_.action as action2_1_, event0_.date as date3_1_, event0_.object as object4_1_, event0_.path as path5_1_, event0_.subject as subject6_1_ from event event0_
?[1;31m
Start test 6?[0m
Hibernate: select user0_.id as id1_2_, user0_.account_non_expired as account_2_2_, user0_.account_non_locked as account_3_2_, user0_.credentials_non_expired as credenti4_2_, user0_.email as email5_2_, user0_.enabled as enabled6_2_, user0_.failed_login as failed_l7_2_, user0_.lastname as lastname8_2_, user0_.name as name9_2_, user0_.password as passwor10_2_, user0_.username as usernam11_2_ from user user0_ where user0_.username=?
Hibernate: select roles0_.user_id as user_id1_3_0_, roles0_.roles as roles2_3_0_ from user_roles roles0_ where roles0_.user_id=?
Hibernate: select event0_.id as id1_1_, event0_.action as action2_1_, event0_.date as date3_1_, event0_.object as object4_1_, event0_.path as path5_1_, event0_.subject as subject6_1_ from event event0_
?[1;31m
Start test 7?[0m
Hibernate: select user0_.id as id1_2_, user0_.account_non_expired as account_2_2_, user0_.account_non_locked as account_3_2_, user0_.credentials_non_expired as credenti4_2_, user0_.email as email5_2_, user0_.enabled as enabled6_2_, user0_.failed_login as failed_l7_2_, user0_.lastname as lastname8_2_, user0_.name as name9_2_, user0_.password as passwor10_2_, user0_.username as usernam11_2_ from user user0_ where user0_.username=?
Hibernate: select count(*) as col_0_0_ from user user0_
Hibernate: call next value for hibernate_sequence
Hibernate: insert into user (account_non_expired, account_non_locked, credentials_non_expired, email, enabled, failed_login, lastname, name, password, username, id) values (?, ?, ?, ?, ?, ?, ?, ?, ?, ?, ?)
Hibernate: insert into event (id, action, date, object, path, subject) values (null, ?, ?, ?, ?, ?)
Hibernate: insert into user_roles (user_id, roles) values (?, ?)
?[1;31m
Start test 8?[0m
Hibernate: select user0_.id as id1_2_, user0_.account_non_expired as account_2_2_, user0_.account_non_locked as account_3_2_, user0_.credentials_non_expired as credenti4_2_, user0_.email as email5_2_, user0_.enabled as enabled6_2_, user0_.failed_login as failed_l7_2_, user0_.lastname as lastname8_2_, user0_.name as name9_2_, user0_.password as passwor10_2_, user0_.username as usernam11_2_ from user user0_ where user0_.username=?
Hibernate: select roles0_.user_id as user_id1_3_0_, roles0_.roles as roles2_3_0_ from user_roles roles0_ where roles0_.user_id=?
Hibernate: select event0_.id as id1_1_, event0_.action as action2_1_, event0_.date as date3_1_, event0_.object as object4_1_, event0_.path as path5_1_, event0_.subject as subject6_1_ from event event0_
?[1;31m
Start test 9?[0m
Hibernate: select user0_.id as id1_2_, user0_.account_non_expired as account_2_2_, user0_.account_non_locked as account_3_2_, user0_.credentials_non_expired as credenti4_2_, user0_.email as email5_2_, user0_.enabled as enabled6_2_, user0_.failed_login as failed_l7_2_, user0_.lastname as lastname8_2_, user0_.name as name9_2_, user0_.password as passwor10_2_, user0_.username as usernam11_2_ from user user0_ where user0_.username=?
Hibernate: select count(*) as col_0_0_ from user user0_
Hibernate: call next value for hibernate_sequence
Hibernate: insert into user (account_non_expired, account_non_locked, credentials_non_expired, email, enabled, failed_login, lastname, name, password, username, id) values (?, ?, ?, ?, ?, ?, ?, ?, ?, ?, ?)
Hibernate: insert into event (id, action, date, object, path, subject) values (null, ?, ?, ?, ?, ?)
Hibernate: insert into user_roles (user_id, roles) values (?, ?)
?[1;31m
Start test 10?[0m
Hibernate: select user0_.id as id1_2_, user0_.account_non_expired as account_2_2_, user0_.account_non_locked as account_3_2_, user0_.credentials_non_expired as credenti4_2_, user0_.email as email5_2_, user0_.enabled as enabled6_2_, user0_.failed_login as failed_l7_2_, user0_.lastname as lastname8_2_, user0_.name as name9_2_, user0_.password as passwor10_2_, user0_.username as usernam11_2_ from user user0_ where user0_.username=?
Hibernate: select roles0_.user_id as user_id1_3_0_, roles0_.roles as roles2_3_0_ from user_roles roles0_ where roles0_.user_id=?
Hibernate: select event0_.id as id1_1_, event0_.action as action2_1_, event0_.date as date3_1_, event0_.object as object4_1_, event0_.path as path5_1_, event0_.subject as subject6_1_ from event event0_
?[1;31m
Start test 11?[0m
Hibernate: select user0_.id as id1_2_, user0_.account_non_expired as account_2_2_, user0_.account_non_locked as account_3_2_, user0_.credentials_non_expired as credenti4_2_, user0_.email as email5_2_, user0_.enabled as enabled6_2_, user0_.failed_login as failed_l7_2_, user0_.lastname as lastname8_2_, user0_.name as name9_2_, user0_.password as passwor10_2_, user0_.username as usernam11_2_ from user user0_ where user0_.username=?
Hibernate: select roles0_.user_id as user_id1_3_0_, roles0_.roles as roles2_3_0_ from user_roles roles0_ where roles0_.user_id=?
Hibernate: select employee0_.id as id1_0_, employee0_.employee as employee2_0_, employee0_.period as period3_0_, employee0_.salary as salary4_0_ from employee employee0_ where employee0_.employee=?
?[1;31m
Start test 12?[0m
Hibernate: select user0_.id as id1_2_, user0_.account_non_expired as account_2_2_, user0_.account_non_locked as account_3_2_, user0_.credentials_non_expired as credenti4_2_, user0_.email as email5_2_, user0_.enabled as enabled6_2_, user0_.failed_login as failed_l7_2_, user0_.lastname as lastname8_2_, user0_.name as name9_2_, user0_.password as passwor10_2_, user0_.username as usernam11_2_ from user user0_ where user0_.username=?
Hibernate: select roles0_.user_id as user_id1_3_0_, roles0_.roles as roles2_3_0_ from user_roles roles0_ where roles0_.user_id=?
Hibernate: select employee0_.id as id1_0_, employee0_.employee as employee2_0_, employee0_.period as period3_0_, employee0_.salary as salary4_0_ from employee employee0_ where employee0_.employee=?
?[1;31m
Start test 13?[0m
Hibernate: select user0_.id as id1_2_, user0_.account_non_expired as account_2_2_, user0_.account_non_locked as account_3_2_, user0_.credentials_non_expired as credenti4_2_, user0_.email as email5_2_, user0_.enabled as enabled6_2_, user0_.failed_login as failed_l7_2_, user0_.lastname as lastname8_2_, user0_.name as name9_2_, user0_.password as passwor10_2_, user0_.username as usernam11_2_ from user user0_ where user0_.username=?
Hibernate: select roles0_.user_id as user_id1_3_0_, roles0_.roles as roles2_3_0_ from user_roles roles0_ where roles0_.user_id=?
Hibernate: insert into event (id, action, date, object, path, subject) values (null, ?, ?, ?, ?, ?)
Hibernate: select user0_.id as id1_2_, user0_.account_non_expired as account_2_2_, user0_.account_non_locked as account_3_2_, user0_.credentials_non_expired as credenti4_2_, user0_.email as email5_2_, user0_.enabled as enabled6_2_, user0_.failed_login as failed_l7_2_, user0_.lastname as lastname8_2_, user0_.name as name9_2_, user0_.password as passwor10_2_, user0_.username as usernam11_2_ from user user0_ where user0_.username=?
Hibernate: select roles0_.user_id as user_id1_3_0_, roles0_.roles as roles2_3_0_ from user_roles roles0_ where roles0_.user_id=?
Hibernate: update user set account_non_expired=?, account_non_locked=?, credentials_non_expired=?, email=?, enabled=?, failed_login=?, lastname=?, name=?, password=?, username=? where id=?
?[1;31m
Start test 14?[0m
Hibernate: select user0_.id as id1_2_, user0_.account_non_expired as account_2_2_, user0_.account_non_locked as account_3_2_, user0_.credentials_non_expired as credenti4_2_, user0_.email as email5_2_, user0_.enabled as enabled6_2_, user0_.failed_login as failed_l7_2_, user0_.lastname as lastname8_2_, user0_.name as name9_2_, user0_.password as passwor10_2_, user0_.username as usernam11_2_ from user user0_ where user0_.username=?
Hibernate: select roles0_.user_id as user_id1_3_0_, roles0_.roles as roles2_3_0_ from user_roles roles0_ where roles0_.user_id=?
Hibernate: select event0_.id as id1_1_, event0_.action as action2_1_, event0_.date as date3_1_, event0_.object as object4_1_, event0_.path as path5_1_, event0_.subject as subject6_1_ from event event0_
?[1;31m
Start test 15?[0m
Hibernate: select user0_.id as id1_2_, user0_.account_non_expired as account_2_2_, user0_.account_non_locked as account_3_2_, user0_.credentials_non_expired as credenti4_2_, user0_.email as email5_2_, user0_.enabled as enabled6_2_, user0_.failed_login as failed_l7_2_, user0_.lastname as lastname8_2_, user0_.name as name9_2_, user0_.password as passwor10_2_, user0_.username as usernam11_2_ from user user0_ where user0_.username=?
Hibernate: insert into event (id, action, date, object, path, subject) values (null, ?, ?, ?, ?, ?)
Hibernate: select user0_.id as id1_2_, user0_.account_non_expired as account_2_2_, user0_.account_non_locked as account_3_2_, user0_.credentials_non_expired as credenti4_2_, user0_.email as email5_2_, user0_.enabled as enabled6_2_, user0_.failed_login as failed_l7_2_, user0_.lastname as lastname8_2_, user0_.name as name9_2_, user0_.password as passwor10_2_, user0_.username as usernam11_2_ from user user0_ where user0_.username=?
?[1;31m
Start test 16?[0m
Hibernate: select user0_.id as id1_2_, user0_.account_non_expired as account_2_2_, user0_.account_non_locked as account_3_2_, user0_.credentials_non_expired as credenti4_2_, user0_.email as email5_2_, user0_.enabled as enabled6_2_, user0_.failed_login as failed_l7_2_, user0_.lastname as lastname8_2_, user0_.name as name9_2_, user0_.password as passwor10_2_, user0_.username as usernam11_2_ from user user0_ where user0_.username=?
Hibernate: select roles0_.user_id as user_id1_3_0_, roles0_.roles as roles2_3_0_ from user_roles roles0_ where roles0_.user_id=?
Hibernate: select event0_.id as id1_1_, event0_.action as action2_1_, event0_.date as date3_1_, event0_.object as object4_1_, event0_.path as path5_1_, event0_.subject as subject6_1_ from event event0_
?[1;31m
Start test 17?[0m
Hibernate: select user0_.id as id1_2_, user0_.account_non_expired as account_2_2_, user0_.account_non_locked as account_3_2_, user0_.credentials_non_expired as credenti4_2_, user0_.email as email5_2_, user0_.enabled as enabled6_2_, user0_.failed_login as failed_l7_2_, user0_.lastname as lastname8_2_, user0_.name as name9_2_, user0_.password as passwor10_2_, user0_.username as usernam11_2_ from user user0_ where user0_.username=?
Hibernate: insert into event (id, action, date, object, path, subject) values (null, ?, ?, ?, ?, ?)
Hibernate: select user0_.id as id1_2_, user0_.account_non_expired as account_2_2_, user0_.account_non_locked as account_3_2_, user0_.credentials_non_expired as credenti4_2_, user0_.email as email5_2_, user0_.enabled as enabled6_2_, user0_.failed_login as failed_l7_2_, user0_.lastname as lastname8_2_, user0_.name as name9_2_, user0_.password as passwor10_2_, user0_.username as usernam11_2_ from user user0_ where user0_.username=?
?[1;31m
Start test 18?[0m
?[1;31m
Start test 19?[0m
Hibernate: select user0_.id as id1_2_, user0_.account_non_expired as account_2_2_, user0_.account_non_locked as account_3_2_, user0_.credentials_non_expired as credenti4_2_, user0_.email as email5_2_, user0_.enabled as enabled6_2_, user0_.failed_login as failed_l7_2_, user0_.lastname as lastname8_2_, user0_.name as name9_2_, user0_.password as passwor10_2_, user0_.username as usernam11_2_ from user user0_ where user0_.username=?
Hibernate: select roles0_.user_id as user_id1_3_0_, roles0_.roles as roles2_3_0_ from user_roles roles0_ where roles0_.user_id=?
Hibernate: select event0_.id as id1_1_, event0_.action as action2_1_, event0_.date as date3_1_, event0_.object as object4_1_, event0_.path as path5_1_, event0_.subject as subject6_1_ from event event0_
?[1;31m
Start test 20?[0m
2022-09-08 14:34:19.690  INFO 6524 --- [     Thread-336] j.LocalContainerEntityManagerFactoryBean : Closing JPA EntityManagerFactory for persistence unit 'default'
2022-09-08 14:34:19.690  INFO 6524 --- [     Thread-336] o.s.s.concurrent.ThreadPoolTaskExecutor  : Shutting down ExecutorService 'applicationTaskExecutor'
2022-09-08 14:34:19.690  INFO 6524 --- [     Thread-336] com.zaxxer.hikari.HikariDataSource       : HikariPool-1 - Shutdown initiated...
2022-09-08 14:34:19.740  INFO 6524 --- [     Thread-336] com.zaxxer.hikari.HikariDataSource       : HikariPool-1 - Shutdown completed.
 __    __   __          __    __       _______. __  
|  |  |  | |  |        |  |  |  |     /       ||  | 
|  |__|  | |  |        |  |__|  |    |   (----`|  | 
|   __   | |  |        |   __   |     \   \    |  | 
|  |  |  | |  |  __    |  |  |  | .----)   |   |__| 
|__|  |__| |__| (_ )   |__|  |__| |_______/    (__) 
                 |/           
 :: Spring Boot ::                 (v2.3.1.RELEASE)

2022-09-08 14:34:19.853  INFO 6524 --- [    Test worker] account.AccountServiceApplication        : Starting AccountServiceApplication on DESKTOP-5U6L102 with PID 6524 (started by sergdm in C:\java\hyperskill.org\Account Service\Account Service\task)
2022-09-08 14:34:19.853  INFO 6524 --- [    Test worker] account.AccountServiceApplication        : No active profile set, falling back to default profiles: default
2022-09-08 14:34:20.620  INFO 6524 --- [    Test worker] .s.d.r.c.RepositoryConfigurationDelegate : Bootstrapping Spring Data JPA repositories in DEFERRED mode.
2022-09-08 14:34:20.660  INFO 6524 --- [    Test worker] .s.d.r.c.RepositoryConfigurationDelegate : Finished Spring Data repository scanning in 38ms. Found 3 JPA repository interfaces.
2022-09-08 14:34:20.820  INFO 6524 --- [    Test worker] o.s.b.w.embedded.tomcat.TomcatWebServer  : Tomcat initialized with port(s): 28852 (http)
2022-09-08 14:34:20.820  INFO 6524 --- [    Test worker] o.apache.catalina.core.StandardService   : Starting service [Tomcat]
2022-09-08 14:34:20.820  INFO 6524 --- [    Test worker] org.apache.catalina.core.StandardEngine  : Starting Servlet engine: [Apache Tomcat/9.0.36]
2022-09-08 14:34:20.889  INFO 6524 --- [    Test worker] o.a.c.c.C.[Tomcat].[localhost].[/]       : Initializing Spring embedded WebApplicationContext
2022-09-08 14:34:20.893  INFO 6524 --- [    Test worker] w.s.c.ServletWebServerApplicationContext : Root WebApplicationContext: initialization completed in 1040 ms
2022-09-08 14:34:20.958  INFO 6524 --- [    Test worker] com.zaxxer.hikari.HikariDataSource       : HikariPool-2 - Starting...
2022-09-08 14:34:20.978  INFO 6524 --- [    Test worker] com.zaxxer.hikari.HikariDataSource       : HikariPool-2 - Start completed.
2022-09-08 14:34:20.978  INFO 6524 --- [    Test worker] o.s.b.a.h2.H2ConsoleAutoConfiguration    : H2 console available at '/h2-console'. Database available at 'jdbc:h2:file:~/account_db'
2022-09-08 14:34:21.048  INFO 6524 --- [    Test worker] o.s.s.concurrent.ThreadPoolTaskExecutor  : Initializing ExecutorService 'applicationTaskExecutor'
2022-09-08 14:34:21.068  INFO 6524 --- [         task-1] o.hibernate.jpa.internal.util.LogHelper  : HHH000204: Processing PersistenceUnitInfo [name: default]
2022-09-08 14:34:21.098  INFO 6524 --- [         task-1] org.hibernate.dialect.Dialect            : HHH000400: Using dialect: org.hibernate.dialect.H2Dialect
2022-09-08 14:34:21.155  WARN 6524 --- [    Test worker] JpaBaseConfiguration$JpaWebConfiguration : spring.jpa.open-in-view is enabled by default. Therefore, database queries may be performed during view rendering. Explicitly configure spring.jpa.open-in-view to disable this warning
2022-09-08 14:34:21.385  INFO 6524 --- [         task-1] o.h.e.t.j.p.i.JtaPlatformInitiator       : HHH000490: Using JtaPlatform implementation: [org.hibernate.engine.transaction.jta.platform.internal.NoJtaPlatform]
2022-09-08 14:34:21.385  INFO 6524 --- [         task-1] j.LocalContainerEntityManagerFactoryBean : Initialized JPA EntityManagerFactory for persistence unit 'default'
2022-09-08 14:34:21.449  INFO 6524 --- [    Test worker] o.s.b.a.e.web.EndpointLinksResolver      : Exposing 14 endpoint(s) beneath base path '/actuator'
2022-09-08 14:34:21.468  INFO 6524 --- [    Test worker] o.s.s.web.DefaultSecurityFilterChain     : Creating filter chain: any request, [org.springframework.security.web.context.request.async.WebAsyncManagerIntegrationFilter@47400608, org.springframework.security.web.context.SecurityContextPersistenceFilter@3c468360, org.springframework.security.web.header.HeaderWriterFilter@47c422d3, org.springframework.security.web.authentication.logout.LogoutFilter@1e489957, org.springframework.security.web.authentication.www.BasicAuthenticationFilter@68b3de47, org.springframework.security.web.savedrequest.RequestCacheAwareFilter@7841c990, org.springframework.security.web.servletapi.SecurityContextHolderAwareRequestFilter@1e75bef1, org.springframework.security.web.authentication.AnonymousAuthenticationFilter@374bf34b, org.springframework.security.web.session.SessionManagementFilter@382608d0, org.springframework.security.web.access.ExceptionTranslationFilter@45302e66, org.springframework.security.web.access.intercept.FilterSecurityInterceptor@6bec566e]
2022-09-08 14:34:21.581  INFO 6524 --- [    Test worker] o.s.b.w.embedded.tomcat.TomcatWebServer  : Tomcat started on port(s): 28852 (http) with context path ''
2022-09-08 14:34:21.581  INFO 6524 --- [    Test worker] DeferredRepositoryInitializationListener : Triggering deferred initialization of Spring Data repositories…
2022-09-08 14:34:21.715  INFO 6524 --- [    Test worker] DeferredRepositoryInitializationListener : Spring Data repositories initialized!
2022-09-08 14:34:21.725  INFO 6524 --- [    Test worker] account.AccountServiceApplication        : Started AccountServiceApplication in 1.93 seconds (JVM running for 16.174)
?[1;31m
Start test 21?[0m
2022-09-08 14:34:21.735  INFO 6524 --- [io-28852-exec-1] o.a.c.c.C.[Tomcat].[localhost].[/]       : Initializing Spring DispatcherServlet 'dispatcherServlet'
2022-09-08 14:34:21.735  INFO 6524 --- [io-28852-exec-1] o.s.web.servlet.DispatcherServlet        : Initializing Servlet 'dispatcherServlet'
2022-09-08 14:34:21.735  INFO 6524 --- [io-28852-exec-1] o.s.web.servlet.DispatcherServlet        : Completed initialization in 0 ms
Hibernate: select user0_.id as id1_2_, user0_.account_non_expired as account_2_2_, user0_.account_non_locked as account_3_2_, user0_.credentials_non_expired as credenti4_2_, user0_.email as email5_2_, user0_.enabled as enabled6_2_, user0_.failed_login as failed_l7_2_, user0_.lastname as lastname8_2_, user0_.name as name9_2_, user0_.password as passwor10_2_, user0_.username as usernam11_2_ from user user0_ where user0_.username=?
Hibernate: select roles0_.user_id as user_id1_3_0_, roles0_.roles as roles2_3_0_ from user_roles roles0_ where roles0_.user_id=?
Hibernate: select employee0_.id as id1_0_, employee0_.employee as employee2_0_, employee0_.period as period3_0_, employee0_.salary as salary4_0_ from employee employee0_ where employee0_.employee=?
?[1;31m
Start test 22?[0m
Hibernate: select user0_.id as id1_2_, user0_.account_non_expired as account_2_2_, user0_.account_non_locked as account_3_2_, user0_.credentials_non_expired as credenti4_2_, user0_.email as email5_2_, user0_.enabled as enabled6_2_, user0_.failed_login as failed_l7_2_, user0_.lastname as lastname8_2_, user0_.name as name9_2_, user0_.password as passwor10_2_, user0_.username as usernam11_2_ from user user0_ where user0_.username=?
Hibernate: select roles0_.user_id as user_id1_3_0_, roles0_.roles as roles2_3_0_ from user_roles roles0_ where roles0_.user_id=?
Hibernate: select user0_.id as id1_2_, user0_.account_non_expired as account_2_2_, user0_.account_non_locked as account_3_2_, user0_.credentials_non_expired as credenti4_2_, user0_.email as email5_2_, user0_.enabled as enabled6_2_, user0_.failed_login as failed_l7_2_, user0_.lastname as lastname8_2_, user0_.name as name9_2_, user0_.password as passwor10_2_, user0_.username as usernam11_2_ from user user0_ where user0_.username=?
Hibernate: select roles0_.user_id as user_id1_3_0_, roles0_.roles as roles2_3_0_ from user_roles roles0_ where roles0_.user_id=?
?[1;31m
Start test 23?[0m
Hibernate: select user0_.id as id1_2_, user0_.account_non_expired as account_2_2_, user0_.account_non_locked as account_3_2_, user0_.credentials_non_expired as credenti4_2_, user0_.email as email5_2_, user0_.enabled as enabled6_2_, user0_.failed_login as failed_l7_2_, user0_.lastname as lastname8_2_, user0_.name as name9_2_, user0_.password as passwor10_2_, user0_.username as usernam11_2_ from user user0_ where user0_.username=?
Hibernate: select roles0_.user_id as user_id1_3_0_, roles0_.roles as roles2_3_0_ from user_roles roles0_ where roles0_.user_id=?
Hibernate: select user0_.id as id1_2_, user0_.account_non_expired as account_2_2_, user0_.account_non_locked as account_3_2_, user0_.credentials_non_expired as credenti4_2_, user0_.email as email5_2_, user0_.enabled as enabled6_2_, user0_.failed_login as failed_l7_2_, user0_.lastname as lastname8_2_, user0_.name as name9_2_, user0_.password as passwor10_2_, user0_.username as usernam11_2_ from user user0_ where user0_.username=?
Hibernate: select roles0_.user_id as user_id1_3_0_, roles0_.roles as roles2_3_0_ from user_roles roles0_ where roles0_.user_id=?
Hibernate: insert into event (id, action, date, object, path, subject) values (null, ?, ?, ?, ?, ?)
Hibernate: delete from user_roles where user_id=?
Hibernate: insert into user_roles (user_id, roles) values (?, ?)
Hibernate: insert into user_roles (user_id, roles) values (?, ?)
?[1;31m
Start test 24?[0m
Hibernate: select user0_.id as id1_2_, user0_.account_non_expired as account_2_2_, user0_.account_non_locked as account_3_2_, user0_.credentials_non_expired as credenti4_2_, user0_.email as email5_2_, user0_.enabled as enabled6_2_, user0_.failed_login as failed_l7_2_, user0_.lastname as lastname8_2_, user0_.name as name9_2_, user0_.password as passwor10_2_, user0_.username as usernam11_2_ from user user0_ where user0_.username=?
Hibernate: select roles0_.user_id as user_id1_3_0_, roles0_.roles as roles2_3_0_ from user_roles roles0_ where roles0_.user_id=?
Hibernate: select event0_.id as id1_1_, event0_.action as action2_1_, event0_.date as date3_1_, event0_.object as object4_1_, event0_.path as path5_1_, event0_.subject as subject6_1_ from event event0_
?[1;31m
Start test 25?[0m
Hibernate: select user0_.id as id1_2_, user0_.account_non_expired as account_2_2_, user0_.account_non_locked as account_3_2_, user0_.credentials_non_expired as credenti4_2_, user0_.email as email5_2_, user0_.enabled as enabled6_2_, user0_.failed_login as failed_l7_2_, user0_.lastname as lastname8_2_, user0_.name as name9_2_, user0_.password as passwor10_2_, user0_.username as usernam11_2_ from user user0_ where user0_.username=?
Hibernate: select roles0_.user_id as user_id1_3_0_, roles0_.roles as roles2_3_0_ from user_roles roles0_ where roles0_.user_id=?
Hibernate: select user0_.id as id1_2_, user0_.account_non_expired as account_2_2_, user0_.account_non_locked as account_3_2_, user0_.credentials_non_expired as credenti4_2_, user0_.email as email5_2_, user0_.enabled as enabled6_2_, user0_.failed_login as failed_l7_2_, user0_.lastname as lastname8_2_, user0_.name as name9_2_, user0_.password as passwor10_2_, user0_.username as usernam11_2_ from user user0_ where user0_.username=?
Hibernate: select roles0_.user_id as user_id1_3_0_, roles0_.roles as roles2_3_0_ from user_roles roles0_ where roles0_.user_id=?
Hibernate: insert into event (id, action, date, object, path, subject) values (null, ?, ?, ?, ?, ?)
Hibernate: delete from user_roles where user_id=?
Hibernate: insert into user_roles (user_id, roles) values (?, ?)
?[1;31m
Start test 26?[0m
Hibernate: select user0_.id as id1_2_, user0_.account_non_expired as account_2_2_, user0_.account_non_locked as account_3_2_, user0_.credentials_non_expired as credenti4_2_, user0_.email as email5_2_, user0_.enabled as enabled6_2_, user0_.failed_login as failed_l7_2_, user0_.lastname as lastname8_2_, user0_.name as name9_2_, user0_.password as passwor10_2_, user0_.username as usernam11_2_ from user user0_ where user0_.username=?
Hibernate: select roles0_.user_id as user_id1_3_0_, roles0_.roles as roles2_3_0_ from user_roles roles0_ where roles0_.user_id=?
Hibernate: select event0_.id as id1_1_, event0_.action as action2_1_, event0_.date as date3_1_, event0_.object as object4_1_, event0_.path as path5_1_, event0_.subject as subject6_1_ from event event0_
?[1;31m
Start test 27?[0m
Hibernate: select user0_.id as id1_2_, user0_.account_non_expired as account_2_2_, user0_.account_non_locked as account_3_2_, user0_.credentials_non_expired as credenti4_2_, user0_.email as email5_2_, user0_.enabled as enabled6_2_, user0_.failed_login as failed_l7_2_, user0_.lastname as lastname8_2_, user0_.name as name9_2_, user0_.password as passwor10_2_, user0_.username as usernam11_2_ from user user0_ where user0_.username=?
Hibernate: select roles0_.user_id as user_id1_3_0_, roles0_.roles as roles2_3_0_ from user_roles roles0_ where roles0_.user_id=?
Hibernate: select user0_.id as id1_2_, user0_.account_non_expired as account_2_2_, user0_.account_non_locked as account_3_2_, user0_.credentials_non_expired as credenti4_2_, user0_.email as email5_2_, user0_.enabled as enabled6_2_, user0_.failed_login as failed_l7_2_, user0_.lastname as lastname8_2_, user0_.name as name9_2_, user0_.password as passwor10_2_, user0_.username as usernam11_2_ from user user0_ where user0_.username=?
Hibernate: select roles0_.user_id as user_id1_3_0_, roles0_.roles as roles2_3_0_ from user_roles roles0_ where roles0_.user_id=?
Hibernate: insert into event (id, action, date, object, path, subject) values (null, ?, ?, ?, ?, ?)
Hibernate: delete from user_roles where user_id=?
Hibernate: delete from user where id=?
?[1;31m
Start test 28?[0m
Hibernate: select user0_.id as id1_2_, user0_.account_non_expired as account_2_2_, user0_.account_non_locked as account_3_2_, user0_.credentials_non_expired as credenti4_2_, user0_.email as email5_2_, user0_.enabled as enabled6_2_, user0_.failed_login as failed_l7_2_, user0_.lastname as lastname8_2_, user0_.name as name9_2_, user0_.password as passwor10_2_, user0_.username as usernam11_2_ from user user0_ where user0_.username=?
Hibernate: select roles0_.user_id as user_id1_3_0_, roles0_.roles as roles2_3_0_ from user_roles roles0_ where roles0_.user_id=?
Hibernate: select event0_.id as id1_1_, event0_.action as action2_1_, event0_.date as date3_1_, event0_.object as object4_1_, event0_.path as path5_1_, event0_.subject as subject6_1_ from event event0_
?[1;31m
Start test 29?[0m
Hibernate: select user0_.id as id1_2_, user0_.account_non_expired as account_2_2_, user0_.account_non_locked as account_3_2_, user0_.credentials_non_expired as credenti4_2_, user0_.email as email5_2_, user0_.enabled as enabled6_2_, user0_.failed_login as failed_l7_2_, user0_.lastname as lastname8_2_, user0_.name as name9_2_, user0_.password as passwor10_2_, user0_.username as usernam11_2_ from user user0_ where user0_.username=?
Hibernate: select roles0_.user_id as user_id1_3_0_, roles0_.roles as roles2_3_0_ from user_roles roles0_ where roles0_.user_id=?
Hibernate: select user0_.id as id1_2_0_, user0_.account_non_expired as account_2_2_0_, user0_.account_non_locked as account_3_2_0_, user0_.credentials_non_expired as credenti4_2_0_, user0_.email as email5_2_0_, user0_.enabled as enabled6_2_0_, user0_.failed_login as failed_l7_2_0_, user0_.lastname as lastname8_2_0_, user0_.name as name9_2_0_, user0_.password as passwor10_2_0_, user0_.username as usernam11_2_0_ from user user0_ where user0_.id=?
Hibernate: select roles0_.user_id as user_id1_3_0_, roles0_.roles as roles2_3_0_ from user_roles roles0_ where roles0_.user_id=?
Hibernate: insert into event (id, action, date, object, path, subject) values (null, ?, ?, ?, ?, ?)
Hibernate: update user set account_non_expired=?, account_non_locked=?, credentials_non_expired=?, email=?, enabled=?, failed_login=?, lastname=?, name=?, password=?, username=? where id=?
?[1;31m
Start test 30?[0m
Hibernate: select user0_.id as id1_2_, user0_.account_non_expired as account_2_2_, user0_.account_non_locked as account_3_2_, user0_.credentials_non_expired as credenti4_2_, user0_.email as email5_2_, user0_.enabled as enabled6_2_, user0_.failed_login as failed_l7_2_, user0_.lastname as lastname8_2_, user0_.name as name9_2_, user0_.password as passwor10_2_, user0_.username as usernam11_2_ from user user0_ where user0_.username=?
Hibernate: select roles0_.user_id as user_id1_3_0_, roles0_.roles as roles2_3_0_ from user_roles roles0_ where roles0_.user_id=?
Hibernate: select event0_.id as id1_1_, event0_.action as action2_1_, event0_.date as date3_1_, event0_.object as object4_1_, event0_.path as path5_1_, event0_.subject as subject6_1_ from event event0_
?[1;31m
Start test 31?[0m
Hibernate: select user0_.id as id1_2_, user0_.account_non_expired as account_2_2_, user0_.account_non_locked as account_3_2_, user0_.credentials_non_expired as credenti4_2_, user0_.email as email5_2_, user0_.enabled as enabled6_2_, user0_.failed_login as failed_l7_2_, user0_.lastname as lastname8_2_, user0_.name as name9_2_, user0_.password as passwor10_2_, user0_.username as usernam11_2_ from user user0_ where user0_.username=?
Hibernate: select roles0_.user_id as user_id1_3_0_, roles0_.roles as roles2_3_0_ from user_roles roles0_ where roles0_.user_id=?
Hibernate: insert into event (id, action, date, object, path, subject) values (null, ?, ?, ?, ?, ?)
?[1;31m
Start test 32?[0m
Hibernate: select user0_.id as id1_2_, user0_.account_non_expired as account_2_2_, user0_.account_non_locked as account_3_2_, user0_.credentials_non_expired as credenti4_2_, user0_.email as email5_2_, user0_.enabled as enabled6_2_, user0_.failed_login as failed_l7_2_, user0_.lastname as lastname8_2_, user0_.name as name9_2_, user0_.password as passwor10_2_, user0_.username as usernam11_2_ from user user0_ where user0_.username=?
Hibernate: select roles0_.user_id as user_id1_3_0_, roles0_.roles as roles2_3_0_ from user_roles roles0_ where roles0_.user_id=?
Hibernate: select event0_.id as id1_1_, event0_.action as action2_1_, event0_.date as date3_1_, event0_.object as object4_1_, event0_.path as path5_1_, event0_.subject as subject6_1_ from event event0_
?[1;31m
Start test 33?[0m
Hibernate: select user0_.id as id1_2_, user0_.account_non_expired as account_2_2_, user0_.account_non_locked as account_3_2_, user0_.credentials_non_expired as credenti4_2_, user0_.email as email5_2_, user0_.enabled as enabled6_2_, user0_.failed_login as failed_l7_2_, user0_.lastname as lastname8_2_, user0_.name as name9_2_, user0_.password as passwor10_2_, user0_.username as usernam11_2_ from user user0_ where user0_.username=?
Hibernate: select roles0_.user_id as user_id1_3_0_, roles0_.roles as roles2_3_0_ from user_roles roles0_ where roles0_.user_id=?
Hibernate: insert into event (id, action, date, object, path, subject) values (null, ?, ?, ?, ?, ?)
?[1;31m
Start test 34?[0m
Hibernate: select user0_.id as id1_2_, user0_.account_non_expired as account_2_2_, user0_.account_non_locked as account_3_2_, user0_.credentials_non_expired as credenti4_2_, user0_.email as email5_2_, user0_.enabled as enabled6_2_, user0_.failed_login as failed_l7_2_, user0_.lastname as lastname8_2_, user0_.name as name9_2_, user0_.password as passwor10_2_, user0_.username as usernam11_2_ from user user0_ where user0_.username=?
Hibernate: select roles0_.user_id as user_id1_3_0_, roles0_.roles as roles2_3_0_ from user_roles roles0_ where roles0_.user_id=?
Hibernate: select event0_.id as id1_1_, event0_.action as action2_1_, event0_.date as date3_1_, event0_.object as object4_1_, event0_.path as path5_1_, event0_.subject as subject6_1_ from event event0_
?[1;31m
Start test 35?[0m
Hibernate: select user0_.id as id1_2_, user0_.account_non_expired as account_2_2_, user0_.account_non_locked as account_3_2_, user0_.credentials_non_expired as credenti4_2_, user0_.email as email5_2_, user0_.enabled as enabled6_2_, user0_.failed_login as failed_l7_2_, user0_.lastname as lastname8_2_, user0_.name as name9_2_, user0_.password as passwor10_2_, user0_.username as usernam11_2_ from user user0_ where user0_.username=?
Hibernate: select roles0_.user_id as user_id1_3_0_, roles0_.roles as roles2_3_0_ from user_roles roles0_ where roles0_.user_id=?
Hibernate: insert into event (id, action, date, object, path, subject) values (null, ?, ?, ?, ?, ?)
?[1;31m
Start test 36?[0m
Hibernate: select user0_.id as id1_2_, user0_.account_non_expired as account_2_2_, user0_.account_non_locked as account_3_2_, user0_.credentials_non_expired as credenti4_2_, user0_.email as email5_2_, user0_.enabled as enabled6_2_, user0_.failed_login as failed_l7_2_, user0_.lastname as lastname8_2_, user0_.name as name9_2_, user0_.password as passwor10_2_, user0_.username as usernam11_2_ from user user0_ where user0_.username=?
Hibernate: select roles0_.user_id as user_id1_3_0_, roles0_.roles as roles2_3_0_ from user_roles roles0_ where roles0_.user_id=?
Hibernate: select event0_.id as id1_1_, event0_.action as action2_1_, event0_.date as date3_1_, event0_.object as object4_1_, event0_.path as path5_1_, event0_.subject as subject6_1_ from event event0_
?[1;31m
Start test 37?[0m
Hibernate: select user0_.id as id1_2_, user0_.account_non_expired as account_2_2_, user0_.account_non_locked as account_3_2_, user0_.credentials_non_expired as credenti4_2_, user0_.email as email5_2_, user0_.enabled as enabled6_2_, user0_.failed_login as failed_l7_2_, user0_.lastname as lastname8_2_, user0_.name as name9_2_, user0_.password as passwor10_2_, user0_.username as usernam11_2_ from user user0_ where user0_.username=?
Hibernate: select roles0_.user_id as user_id1_3_0_, roles0_.roles as roles2_3_0_ from user_roles roles0_ where roles0_.user_id=?
Hibernate: insert into event (id, action, date, object, path, subject) values (null, ?, ?, ?, ?, ?)
?[1;31m
Start test 38?[0m
Hibernate: select user0_.id as id1_2_, user0_.account_non_expired as account_2_2_, user0_.account_non_locked as account_3_2_, user0_.credentials_non_expired as credenti4_2_, user0_.email as email5_2_, user0_.enabled as enabled6_2_, user0_.failed_login as failed_l7_2_, user0_.lastname as lastname8_2_, user0_.name as name9_2_, user0_.password as passwor10_2_, user0_.username as usernam11_2_ from user user0_ where user0_.username=?
Hibernate: select roles0_.user_id as user_id1_3_0_, roles0_.roles as roles2_3_0_ from user_roles roles0_ where roles0_.user_id=?
Hibernate: select event0_.id as id1_1_, event0_.action as action2_1_, event0_.date as date3_1_, event0_.object as object4_1_, event0_.path as path5_1_, event0_.subject as subject6_1_ from event event0_
?[1;31m
Start test 39?[0m
Hibernate: select user0_.id as id1_2_, user0_.account_non_expired as account_2_2_, user0_.account_non_locked as account_3_2_, user0_.credentials_non_expired as credenti4_2_, user0_.email as email5_2_, user0_.enabled as enabled6_2_, user0_.failed_login as failed_l7_2_, user0_.lastname as lastname8_2_, user0_.name as name9_2_, user0_.password as passwor10_2_, user0_.username as usernam11_2_ from user user0_ where user0_.username=?
Hibernate: select roles0_.user_id as user_id1_3_0_, roles0_.roles as roles2_3_0_ from user_roles roles0_ where roles0_.user_id=?
Hibernate: insert into event (id, action, date, object, path, subject) values (null, ?, ?, ?, ?, ?)
?[1;31m
Start test 40?[0m
Hibernate: select user0_.id as id1_2_, user0_.account_non_expired as account_2_2_, user0_.account_non_locked as account_3_2_, user0_.credentials_non_expired as credenti4_2_, user0_.email as email5_2_, user0_.enabled as enabled6_2_, user0_.failed_login as failed_l7_2_, user0_.lastname as lastname8_2_, user0_.name as name9_2_, user0_.password as passwor10_2_, user0_.username as usernam11_2_ from user user0_ where user0_.username=?
Hibernate: select roles0_.user_id as user_id1_3_0_, roles0_.roles as roles2_3_0_ from user_roles roles0_ where roles0_.user_id=?
Hibernate: select event0_.id as id1_1_, event0_.action as action2_1_, event0_.date as date3_1_, event0_.object as object4_1_, event0_.path as path5_1_, event0_.subject as subject6_1_ from event event0_
?[1;31m
Start test 41?[0m
Hibernate: select user0_.id as id1_2_, user0_.account_non_expired as account_2_2_, user0_.account_non_locked as account_3_2_, user0_.credentials_non_expired as credenti4_2_, user0_.email as email5_2_, user0_.enabled as enabled6_2_, user0_.failed_login as failed_l7_2_, user0_.lastname as lastname8_2_, user0_.name as name9_2_, user0_.password as passwor10_2_, user0_.username as usernam11_2_ from user user0_ where user0_.username=?
Hibernate: select roles0_.user_id as user_id1_3_0_, roles0_.roles as roles2_3_0_ from user_roles roles0_ where roles0_.user_id=?
Hibernate: insert into event (id, action, date, object, path, subject) values (null, ?, ?, ?, ?, ?)
?[1;31m
Start test 42?[0m
Hibernate: select user0_.id as id1_2_, user0_.account_non_expired as account_2_2_, user0_.account_non_locked as account_3_2_, user0_.credentials_non_expired as credenti4_2_, user0_.email as email5_2_, user0_.enabled as enabled6_2_, user0_.failed_login as failed_l7_2_, user0_.lastname as lastname8_2_, user0_.name as name9_2_, user0_.password as passwor10_2_, user0_.username as usernam11_2_ from user user0_ where user0_.username=?
Hibernate: select roles0_.user_id as user_id1_3_0_, roles0_.roles as roles2_3_0_ from user_roles roles0_ where roles0_.user_id=?
Hibernate: select event0_.id as id1_1_, event0_.action as action2_1_, event0_.date as date3_1_, event0_.object as object4_1_, event0_.path as path5_1_, event0_.subject as subject6_1_ from event event0_
?[1;31m
Start test 43?[0m
Hibernate: select user0_.id as id1_2_, user0_.account_non_expired as account_2_2_, user0_.account_non_locked as account_3_2_, user0_.credentials_non_expired as credenti4_2_, user0_.email as email5_2_, user0_.enabled as enabled6_2_, user0_.failed_login as failed_l7_2_, user0_.lastname as lastname8_2_, user0_.name as name9_2_, user0_.password as passwor10_2_, user0_.username as usernam11_2_ from user user0_ where user0_.username=?
Hibernate: select roles0_.user_id as user_id1_3_0_, roles0_.roles as roles2_3_0_ from user_roles roles0_ where roles0_.user_id=?
Hibernate: insert into event (id, action, date, object, path, subject) values (null, ?, ?, ?, ?, ?)
?[1;31m
Start test 44?[0m
Hibernate: select user0_.id as id1_2_, user0_.account_non_expired as account_2_2_, user0_.account_non_locked as account_3_2_, user0_.credentials_non_expired as credenti4_2_, user0_.email as email5_2_, user0_.enabled as enabled6_2_, user0_.failed_login as failed_l7_2_, user0_.lastname as lastname8_2_, user0_.name as name9_2_, user0_.password as passwor10_2_, user0_.username as usernam11_2_ from user user0_ where user0_.username=?
Hibernate: select roles0_.user_id as user_id1_3_0_, roles0_.roles as roles2_3_0_ from user_roles roles0_ where roles0_.user_id=?
Hibernate: select event0_.id as id1_1_, event0_.action as action2_1_, event0_.date as date3_1_, event0_.object as object4_1_, event0_.path as path5_1_, event0_.subject as subject6_1_ from event event0_
?[1;31m
Start test 45?[0m
Hibernate: select user0_.id as id1_2_, user0_.account_non_expired as account_2_2_, user0_.account_non_locked as account_3_2_, user0_.credentials_non_expired as credenti4_2_, user0_.email as email5_2_, user0_.enabled as enabled6_2_, user0_.failed_login as failed_l7_2_, user0_.lastname as lastname8_2_, user0_.name as name9_2_, user0_.password as passwor10_2_, user0_.username as usernam11_2_ from user user0_ where user0_.username=?
Hibernate: select roles0_.user_id as user_id1_3_0_, roles0_.roles as roles2_3_0_ from user_roles roles0_ where roles0_.user_id=?
Hibernate: insert into event (id, action, date, object, path, subject) values (null, ?, ?, ?, ?, ?)
Hibernate: select user0_.id as id1_2_, user0_.account_non_expired as account_2_2_, user0_.account_non_locked as account_3_2_, user0_.credentials_non_expired as credenti4_2_, user0_.email as email5_2_, user0_.enabled as enabled6_2_, user0_.failed_login as failed_l7_2_, user0_.lastname as lastname8_2_, user0_.name as name9_2_, user0_.password as passwor10_2_, user0_.username as usernam11_2_ from user user0_ where user0_.username=?
Hibernate: select roles0_.user_id as user_id1_3_0_, roles0_.roles as roles2_3_0_ from user_roles roles0_ where roles0_.user_id=?
Hibernate: update user set account_non_expired=?, account_non_locked=?, credentials_non_expired=?, email=?, enabled=?, failed_login=?, lastname=?, name=?, password=?, username=? where id=?
?[1;31m
Start test 46?[0m
Hibernate: select user0_.id as id1_2_, user0_.account_non_expired as account_2_2_, user0_.account_non_locked as account_3_2_, user0_.credentials_non_expired as credenti4_2_, user0_.email as email5_2_, user0_.enabled as enabled6_2_, user0_.failed_login as failed_l7_2_, user0_.lastname as lastname8_2_, user0_.name as name9_2_, user0_.password as passwor10_2_, user0_.username as usernam11_2_ from user user0_ where user0_.username=?
Hibernate: select roles0_.user_id as user_id1_3_0_, roles0_.roles as roles2_3_0_ from user_roles roles0_ where roles0_.user_id=?
Hibernate: select event0_.id as id1_1_, event0_.action as action2_1_, event0_.date as date3_1_, event0_.object as object4_1_, event0_.path as path5_1_, event0_.subject as subject6_1_ from event event0_
?[1;31m
Start test 47?[0m
Hibernate: select user0_.id as id1_2_, user0_.account_non_expired as account_2_2_, user0_.account_non_locked as account_3_2_, user0_.credentials_non_expired as credenti4_2_, user0_.email as email5_2_, user0_.enabled as enabled6_2_, user0_.failed_login as failed_l7_2_, user0_.lastname as lastname8_2_, user0_.name as name9_2_, user0_.password as passwor10_2_, user0_.username as usernam11_2_ from user user0_ where user0_.username=?
Hibernate: select roles0_.user_id as user_id1_3_0_, roles0_.roles as roles2_3_0_ from user_roles roles0_ where roles0_.user_id=?
Hibernate: insert into event (id, action, date, object, path, subject) values (null, ?, ?, ?, ?, ?)
Hibernate: select user0_.id as id1_2_, user0_.account_non_expired as account_2_2_, user0_.account_non_locked as account_3_2_, user0_.credentials_non_expired as credenti4_2_, user0_.email as email5_2_, user0_.enabled as enabled6_2_, user0_.failed_login as failed_l7_2_, user0_.lastname as lastname8_2_, user0_.name as name9_2_, user0_.password as passwor10_2_, user0_.username as usernam11_2_ from user user0_ where user0_.username=?
Hibernate: select roles0_.user_id as user_id1_3_0_, roles0_.roles as roles2_3_0_ from user_roles roles0_ where roles0_.user_id=?
Hibernate: update user set account_non_expired=?, account_non_locked=?, credentials_non_expired=?, email=?, enabled=?, failed_login=?, lastname=?, name=?, password=?, username=? where id=?
?[1;31m
Start test 48?[0m
Hibernate: select user0_.id as id1_2_, user0_.account_non_expired as account_2_2_, user0_.account_non_locked as account_3_2_, user0_.credentials_non_expired as credenti4_2_, user0_.email as email5_2_, user0_.enabled as enabled6_2_, user0_.failed_login as failed_l7_2_, user0_.lastname as lastname8_2_, user0_.name as name9_2_, user0_.password as passwor10_2_, user0_.username as usernam11_2_ from user user0_ where user0_.username=?
Hibernate: select roles0_.user_id as user_id1_3_0_, roles0_.roles as roles2_3_0_ from user_roles roles0_ where roles0_.user_id=?
Hibernate: select event0_.id as id1_1_, event0_.action as action2_1_, event0_.date as date3_1_, event0_.object as object4_1_, event0_.path as path5_1_, event0_.subject as subject6_1_ from event event0_
?[1;31m
Start test 49?[0m
Hibernate: select user0_.id as id1_2_, user0_.account_non_expired as account_2_2_, user0_.account_non_locked as account_3_2_, user0_.credentials_non_expired as credenti4_2_, user0_.email as email5_2_, user0_.enabled as enabled6_2_, user0_.failed_login as failed_l7_2_, user0_.lastname as lastname8_2_, user0_.name as name9_2_, user0_.password as passwor10_2_, user0_.username as usernam11_2_ from user user0_ where user0_.username=?
Hibernate: select roles0_.user_id as user_id1_3_0_, roles0_.roles as roles2_3_0_ from user_roles roles0_ where roles0_.user_id=?
Hibernate: insert into event (id, action, date, object, path, subject) values (null, ?, ?, ?, ?, ?)
Hibernate: select user0_.id as id1_2_, user0_.account_non_expired as account_2_2_, user0_.account_non_locked as account_3_2_, user0_.credentials_non_expired as credenti4_2_, user0_.email as email5_2_, user0_.enabled as enabled6_2_, user0_.failed_login as failed_l7_2_, user0_.lastname as lastname8_2_, user0_.name as name9_2_, user0_.password as passwor10_2_, user0_.username as usernam11_2_ from user user0_ where user0_.username=?
Hibernate: select roles0_.user_id as user_id1_3_0_, roles0_.roles as roles2_3_0_ from user_roles roles0_ where roles0_.user_id=?
Hibernate: update user set account_non_expired=?, account_non_locked=?, credentials_non_expired=?, email=?, enabled=?, failed_login=?, lastname=?, name=?, password=?, username=? where id=?
?[1;31m
Start test 50?[0m
Hibernate: select user0_.id as id1_2_, user0_.account_non_expired as account_2_2_, user0_.account_non_locked as account_3_2_, user0_.credentials_non_expired as credenti4_2_, user0_.email as email5_2_, user0_.enabled as enabled6_2_, user0_.failed_login as failed_l7_2_, user0_.lastname as lastname8_2_, user0_.name as name9_2_, user0_.password as passwor10_2_, user0_.username as usernam11_2_ from user user0_ where user0_.username=?
Hibernate: select roles0_.user_id as user_id1_3_0_, roles0_.roles as roles2_3_0_ from user_roles roles0_ where roles0_.user_id=?
Hibernate: select event0_.id as id1_1_, event0_.action as action2_1_, event0_.date as date3_1_, event0_.object as object4_1_, event0_.path as path5_1_, event0_.subject as subject6_1_ from event event0_
?[1;31m
Start test 51?[0m
Hibernate: select user0_.id as id1_2_, user0_.account_non_expired as account_2_2_, user0_.account_non_locked as account_3_2_, user0_.credentials_non_expired as credenti4_2_, user0_.email as email5_2_, user0_.enabled as enabled6_2_, user0_.failed_login as failed_l7_2_, user0_.lastname as lastname8_2_, user0_.name as name9_2_, user0_.password as passwor10_2_, user0_.username as usernam11_2_ from user user0_ where user0_.username=?
Hibernate: select roles0_.user_id as user_id1_3_0_, roles0_.roles as roles2_3_0_ from user_roles roles0_ where roles0_.user_id=?
Hibernate: insert into event (id, action, date, object, path, subject) values (null, ?, ?, ?, ?, ?)
Hibernate: select user0_.id as id1_2_, user0_.account_non_expired as account_2_2_, user0_.account_non_locked as account_3_2_, user0_.credentials_non_expired as credenti4_2_, user0_.email as email5_2_, user0_.enabled as enabled6_2_, user0_.failed_login as failed_l7_2_, user0_.lastname as lastname8_2_, user0_.name as name9_2_, user0_.password as passwor10_2_, user0_.username as usernam11_2_ from user user0_ where user0_.username=?
Hibernate: select roles0_.user_id as user_id1_3_0_, roles0_.roles as roles2_3_0_ from user_roles roles0_ where roles0_.user_id=?
Hibernate: update user set account_non_expired=?, account_non_locked=?, credentials_non_expired=?, email=?, enabled=?, failed_login=?, lastname=?, name=?, password=?, username=? where id=?
?[1;31m
Start test 52?[0m
Hibernate: select user0_.id as id1_2_, user0_.account_non_expired as account_2_2_, user0_.account_non_locked as account_3_2_, user0_.credentials_non_expired as credenti4_2_, user0_.email as email5_2_, user0_.enabled as enabled6_2_, user0_.failed_login as failed_l7_2_, user0_.lastname as lastname8_2_, user0_.name as name9_2_, user0_.password as passwor10_2_, user0_.username as usernam11_2_ from user user0_ where user0_.username=?
Hibernate: select roles0_.user_id as user_id1_3_0_, roles0_.roles as roles2_3_0_ from user_roles roles0_ where roles0_.user_id=?
Hibernate: select event0_.id as id1_1_, event0_.action as action2_1_, event0_.date as date3_1_, event0_.object as object4_1_, event0_.path as path5_1_, event0_.subject as subject6_1_ from event event0_
?[1;31m
Start test 53?[0m
Hibernate: select user0_.id as id1_2_, user0_.account_non_expired as account_2_2_, user0_.account_non_locked as account_3_2_, user0_.credentials_non_expired as credenti4_2_, user0_.email as email5_2_, user0_.enabled as enabled6_2_, user0_.failed_login as failed_l7_2_, user0_.lastname as lastname8_2_, user0_.name as name9_2_, user0_.password as passwor10_2_, user0_.username as usernam11_2_ from user user0_ where user0_.username=?
Hibernate: select roles0_.user_id as user_id1_3_0_, roles0_.roles as roles2_3_0_ from user_roles roles0_ where roles0_.user_id=?
Hibernate: insert into event (id, action, date, object, path, subject) values (null, ?, ?, ?, ?, ?)
Hibernate: select user0_.id as id1_2_, user0_.account_non_expired as account_2_2_, user0_.account_non_locked as account_3_2_, user0_.credentials_non_expired as credenti4_2_, user0_.email as email5_2_, user0_.enabled as enabled6_2_, user0_.failed_login as failed_l7_2_, user0_.lastname as lastname8_2_, user0_.name as name9_2_, user0_.password as passwor10_2_, user0_.username as usernam11_2_ from user user0_ where user0_.username=?
Hibernate: select roles0_.user_id as user_id1_3_0_, roles0_.roles as roles2_3_0_ from user_roles roles0_ where roles0_.user_id=?
Hibernate: insert into event (id, action, date, object, path, subject) values (null, ?, ?, ?, ?, ?)
Hibernate: insert into event (id, action, date, object, path, subject) values (null, ?, ?, ?, ?, ?)
Hibernate: update user set account_non_expired=?, account_non_locked=?, credentials_non_expired=?, email=?, enabled=?, failed_login=?, lastname=?, name=?, password=?, username=? where id=?
?[1;31m
Start test 54?[0m
Hibernate: select user0_.id as id1_2_, user0_.account_non_expired as account_2_2_, user0_.account_non_locked as account_3_2_, user0_.credentials_non_expired as credenti4_2_, user0_.email as email5_2_, user0_.enabled as enabled6_2_, user0_.failed_login as failed_l7_2_, user0_.lastname as lastname8_2_, user0_.name as name9_2_, user0_.password as passwor10_2_, user0_.username as usernam11_2_ from user user0_ where user0_.username=?
Hibernate: select roles0_.user_id as user_id1_3_0_, roles0_.roles as roles2_3_0_ from user_roles roles0_ where roles0_.user_id=?
Hibernate: select event0_.id as id1_1_, event0_.action as action2_1_, event0_.date as date3_1_, event0_.object as object4_1_, event0_.path as path5_1_, event0_.subject as subject6_1_ from event event0_
?[1;31m
Start test 55?[0m
Hibernate: select user0_.id as id1_2_, user0_.account_non_expired as account_2_2_, user0_.account_non_locked as account_3_2_, user0_.credentials_non_expired as credenti4_2_, user0_.email as email5_2_, user0_.enabled as enabled6_2_, user0_.failed_login as failed_l7_2_, user0_.lastname as lastname8_2_, user0_.name as name9_2_, user0_.password as passwor10_2_, user0_.username as usernam11_2_ from user user0_ where user0_.username=?
Hibernate: select roles0_.user_id as user_id1_3_0_, roles0_.roles as roles2_3_0_ from user_roles roles0_ where roles0_.user_id=?
?[1;31m
Start test 56?[0m
Hibernate: select user0_.id as id1_2_, user0_.account_non_expired as account_2_2_, user0_.account_non_locked as account_3_2_, user0_.credentials_non_expired as credenti4_2_, user0_.email as email5_2_, user0_.enabled as enabled6_2_, user0_.failed_login as failed_l7_2_, user0_.lastname as lastname8_2_, user0_.name as name9_2_, user0_.password as passwor10_2_, user0_.username as usernam11_2_ from user user0_ where user0_.username=?
Hibernate: select roles0_.user_id as user_id1_3_0_, roles0_.roles as roles2_3_0_ from user_roles roles0_ where roles0_.user_id=?
Hibernate: select event0_.id as id1_1_, event0_.action as action2_1_, event0_.date as date3_1_, event0_.object as object4_1_, event0_.path as path5_1_, event0_.subject as subject6_1_ from event event0_
?[1;31m
Start test 57?[0m
Hibernate: select user0_.id as id1_2_, user0_.account_non_expired as account_2_2_, user0_.account_non_locked as account_3_2_, user0_.credentials_non_expired as credenti4_2_, user0_.email as email5_2_, user0_.enabled as enabled6_2_, user0_.failed_login as failed_l7_2_, user0_.lastname as lastname8_2_, user0_.name as name9_2_, user0_.password as passwor10_2_, user0_.username as usernam11_2_ from user user0_ where user0_.username=?
Hibernate: select roles0_.user_id as user_id1_3_0_, roles0_.roles as roles2_3_0_ from user_roles roles0_ where roles0_.user_id=?
Hibernate: select user0_.id as id1_2_, user0_.account_non_expired as account_2_2_, user0_.account_non_locked as account_3_2_, user0_.credentials_non_expired as credenti4_2_, user0_.email as email5_2_, user0_.enabled as enabled6_2_, user0_.failed_login as failed_l7_2_, user0_.lastname as lastname8_2_, user0_.name as name9_2_, user0_.password as passwor10_2_, user0_.username as usernam11_2_ from user user0_ where user0_.username=?
Hibernate: select roles0_.user_id as user_id1_3_0_, roles0_.roles as roles2_3_0_ from user_roles roles0_ where roles0_.user_id=?
Hibernate: insert into event (id, action, date, object, path, subject) values (null, ?, ?, ?, ?, ?)
Hibernate: update user set account_non_expired=?, account_non_locked=?, credentials_non_expired=?, email=?, enabled=?, failed_login=?, lastname=?, name=?, password=?, username=? where id=?
?[1;31m
Start test 58?[0m
Hibernate: select user0_.id as id1_2_, user0_.account_non_expired as account_2_2_, user0_.account_non_locked as account_3_2_, user0_.credentials_non_expired as credenti4_2_, user0_.email as email5_2_, user0_.enabled as enabled6_2_, user0_.failed_login as failed_l7_2_, user0_.lastname as lastname8_2_, user0_.name as name9_2_, user0_.password as passwor10_2_, user0_.username as usernam11_2_ from user user0_ where user0_.username=?
Hibernate: select roles0_.user_id as user_id1_3_0_, roles0_.roles as roles2_3_0_ from user_roles roles0_ where roles0_.user_id=?
Hibernate: select event0_.id as id1_1_, event0_.action as action2_1_, event0_.date as date3_1_, event0_.object as object4_1_, event0_.path as path5_1_, event0_.subject as subject6_1_ from event event0_
?[1;31m
Start test 59?[0m
Hibernate: select user0_.id as id1_2_, user0_.account_non_expired as account_2_2_, user0_.account_non_locked as account_3_2_, user0_.credentials_non_expired as credenti4_2_, user0_.email as email5_2_, user0_.enabled as enabled6_2_, user0_.failed_login as failed_l7_2_, user0_.lastname as lastname8_2_, user0_.name as name9_2_, user0_.password as passwor10_2_, user0_.username as usernam11_2_ from user user0_ where user0_.username=?
Hibernate: select roles0_.user_id as user_id1_3_0_, roles0_.roles as roles2_3_0_ from user_roles roles0_ where roles0_.user_id=?
Hibernate: select event0_.id as id1_1_, event0_.action as action2_1_, event0_.date as date3_1_, event0_.object as object4_1_, event0_.path as path5_1_, event0_.subject as subject6_1_ from event event0_
?[1;31m
Start test 60?[0m
Hibernate: select user0_.id as id1_2_, user0_.account_non_expired as account_2_2_, user0_.account_non_locked as account_3_2_, user0_.credentials_non_expired as credenti4_2_, user0_.email as email5_2_, user0_.enabled as enabled6_2_, user0_.failed_login as failed_l7_2_, user0_.lastname as lastname8_2_, user0_.name as name9_2_, user0_.password as passwor10_2_, user0_.username as usernam11_2_ from user user0_ where user0_.username=?
Hibernate: select roles0_.user_id as user_id1_3_0_, roles0_.roles as roles2_3_0_ from user_roles roles0_ where roles0_.user_id=?
Hibernate: insert into event (id, action, date, object, path, subject) values (null, ?, ?, ?, ?, ?)
Hibernate: select user0_.id as id1_2_, user0_.account_non_expired as account_2_2_, user0_.account_non_locked as account_3_2_, user0_.credentials_non_expired as credenti4_2_, user0_.email as email5_2_, user0_.enabled as enabled6_2_, user0_.failed_login as failed_l7_2_, user0_.lastname as lastname8_2_, user0_.name as name9_2_, user0_.password as passwor10_2_, user0_.username as usernam11_2_ from user user0_ where user0_.username=?
Hibernate: select roles0_.user_id as user_id1_3_0_, roles0_.roles as roles2_3_0_ from user_roles roles0_ where roles0_.user_id=?
Hibernate: update user set account_non_expired=?, account_non_locked=?, credentials_non_expired=?, email=?, enabled=?, failed_login=?, lastname=?, name=?, password=?, username=? where id=?
?[1;31m
Start test 61?[0m
Hibernate: select user0_.id as id1_2_, user0_.account_non_expired as account_2_2_, user0_.account_non_locked as account_3_2_, user0_.credentials_non_expired as credenti4_2_, user0_.email as email5_2_, user0_.enabled as enabled6_2_, user0_.failed_login as failed_l7_2_, user0_.lastname as lastname8_2_, user0_.name as name9_2_, user0_.password as passwor10_2_, user0_.username as usernam11_2_ from user user0_ where user0_.username=?
Hibernate: select roles0_.user_id as user_id1_3_0_, roles0_.roles as roles2_3_0_ from user_roles roles0_ where roles0_.user_id=?
Hibernate: select event0_.id as id1_1_, event0_.action as action2_1_, event0_.date as date3_1_, event0_.object as object4_1_, event0_.path as path5_1_, event0_.subject as subject6_1_ from event event0_
?[1;31m
Start test 62?[0m
Hibernate: select user0_.id as id1_2_, user0_.account_non_expired as account_2_2_, user0_.account_non_locked as account_3_2_, user0_.credentials_non_expired as credenti4_2_, user0_.email as email5_2_, user0_.enabled as enabled6_2_, user0_.failed_login as failed_l7_2_, user0_.lastname as lastname8_2_, user0_.name as name9_2_, user0_.password as passwor10_2_, user0_.username as usernam11_2_ from user user0_ where user0_.username=?
Hibernate: select roles0_.user_id as user_id1_3_0_, roles0_.roles as roles2_3_0_ from user_roles roles0_ where roles0_.user_id=?
Hibernate: insert into event (id, action, date, object, path, subject) values (null, ?, ?, ?, ?, ?)
Hibernate: select user0_.id as id1_2_, user0_.account_non_expired as account_2_2_, user0_.account_non_locked as account_3_2_, user0_.credentials_non_expired as credenti4_2_, user0_.email as email5_2_, user0_.enabled as enabled6_2_, user0_.failed_login as failed_l7_2_, user0_.lastname as lastname8_2_, user0_.name as name9_2_, user0_.password as passwor10_2_, user0_.username as usernam11_2_ from user user0_ where user0_.username=?
Hibernate: select roles0_.user_id as user_id1_3_0_, roles0_.roles as roles2_3_0_ from user_roles roles0_ where roles0_.user_id=?
Hibernate: update user set account_non_expired=?, account_non_locked=?, credentials_non_expired=?, email=?, enabled=?, failed_login=?, lastname=?, name=?, password=?, username=? where id=?
?[1;31m
Start test 63?[0m
Hibernate: select user0_.id as id1_2_, user0_.account_non_expired as account_2_2_, user0_.account_non_locked as account_3_2_, user0_.credentials_non_expired as credenti4_2_, user0_.email as email5_2_, user0_.enabled as enabled6_2_, user0_.failed_login as failed_l7_2_, user0_.lastname as lastname8_2_, user0_.name as name9_2_, user0_.password as passwor10_2_, user0_.username as usernam11_2_ from user user0_ where user0_.username=?
Hibernate: select roles0_.user_id as user_id1_3_0_, roles0_.roles as roles2_3_0_ from user_roles roles0_ where roles0_.user_id=?
Hibernate: select event0_.id as id1_1_, event0_.action as action2_1_, event0_.date as date3_1_, event0_.object as object4_1_, event0_.path as path5_1_, event0_.subject as subject6_1_ from event event0_
?[1;31m
Start test 64?[0m
Hibernate: select user0_.id as id1_2_, user0_.account_non_expired as account_2_2_, user0_.account_non_locked as account_3_2_, user0_.credentials_non_expired as credenti4_2_, user0_.email as email5_2_, user0_.enabled as enabled6_2_, user0_.failed_login as failed_l7_2_, user0_.lastname as lastname8_2_, user0_.name as name9_2_, user0_.password as passwor10_2_, user0_.username as usernam11_2_ from user user0_ where user0_.username=?
Hibernate: select roles0_.user_id as user_id1_3_0_, roles0_.roles as roles2_3_0_ from user_roles roles0_ where roles0_.user_id=?
Hibernate: insert into event (id, action, date, object, path, subject) values (null, ?, ?, ?, ?, ?)
Hibernate: select user0_.id as id1_2_, user0_.account_non_expired as account_2_2_, user0_.account_non_locked as account_3_2_, user0_.credentials_non_expired as credenti4_2_, user0_.email as email5_2_, user0_.enabled as enabled6_2_, user0_.failed_login as failed_l7_2_, user0_.lastname as lastname8_2_, user0_.name as name9_2_, user0_.password as passwor10_2_, user0_.username as usernam11_2_ from user user0_ where user0_.username=?
Hibernate: select roles0_.user_id as user_id1_3_0_, roles0_.roles as roles2_3_0_ from user_roles roles0_ where roles0_.user_id=?
Hibernate: update user set account_non_expired=?, account_non_locked=?, credentials_non_expired=?, email=?, enabled=?, failed_login=?, lastname=?, name=?, password=?, username=? where id=?
?[1;31m
Start test 65?[0m
Hibernate: select user0_.id as id1_2_, user0_.account_non_expired as account_2_2_, user0_.account_non_locked as account_3_2_, user0_.credentials_non_expired as credenti4_2_, user0_.email as email5_2_, user0_.enabled as enabled6_2_, user0_.failed_login as failed_l7_2_, user0_.lastname as lastname8_2_, user0_.name as name9_2_, user0_.password as passwor10_2_, user0_.username as usernam11_2_ from user user0_ where user0_.username=?
Hibernate: select roles0_.user_id as user_id1_3_0_, roles0_.roles as roles2_3_0_ from user_roles roles0_ where roles0_.user_id=?
Hibernate: select event0_.id as id1_1_, event0_.action as action2_1_, event0_.date as date3_1_, event0_.object as object4_1_, event0_.path as path5_1_, event0_.subject as subject6_1_ from event event0_
?[1;31m
Start test 66?[0m
Hibernate: select user0_.id as id1_2_, user0_.account_non_expired as account_2_2_, user0_.account_non_locked as account_3_2_, user0_.credentials_non_expired as credenti4_2_, user0_.email as email5_2_, user0_.enabled as enabled6_2_, user0_.failed_login as failed_l7_2_, user0_.lastname as lastname8_2_, user0_.name as name9_2_, user0_.password as passwor10_2_, user0_.username as usernam11_2_ from user user0_ where user0_.username=?
Hibernate: select roles0_.user_id as user_id1_3_0_, roles0_.roles as roles2_3_0_ from user_roles roles0_ where roles0_.user_id=?
Hibernate: insert into event (id, action, date, object, path, subject) values (null, ?, ?, ?, ?, ?)
Hibernate: select user0_.id as id1_2_, user0_.account_non_expired as account_2_2_, user0_.account_non_locked as account_3_2_, user0_.credentials_non_expired as credenti4_2_, user0_.email as email5_2_, user0_.enabled as enabled6_2_, user0_.failed_login as failed_l7_2_, user0_.lastname as lastname8_2_, user0_.name as name9_2_, user0_.password as passwor10_2_, user0_.username as usernam11_2_ from user user0_ where user0_.username=?
Hibernate: select roles0_.user_id as user_id1_3_0_, roles0_.roles as roles2_3_0_ from user_roles roles0_ where roles0_.user_id=?
Hibernate: update user set account_non_expired=?, account_non_locked=?, credentials_non_expired=?, email=?, enabled=?, failed_login=?, lastname=?, name=?, password=?, username=? where id=?
?[1;31m
Start test 67?[0m
Hibernate: select user0_.id as id1_2_, user0_.account_non_expired as account_2_2_, user0_.account_non_locked as account_3_2_, user0_.credentials_non_expired as credenti4_2_, user0_.email as email5_2_, user0_.enabled as enabled6_2_, user0_.failed_login as failed_l7_2_, user0_.lastname as lastname8_2_, user0_.name as name9_2_, user0_.password as passwor10_2_, user0_.username as usernam11_2_ from user user0_ where user0_.username=?
Hibernate: select roles0_.user_id as user_id1_3_0_, roles0_.roles as roles2_3_0_ from user_roles roles0_ where roles0_.user_id=?
Hibernate: select event0_.id as id1_1_, event0_.action as action2_1_, event0_.date as date3_1_, event0_.object as object4_1_, event0_.path as path5_1_, event0_.subject as subject6_1_ from event event0_
?[1;31m
Start test 68?[0m
Hibernate: select user0_.id as id1_2_, user0_.account_non_expired as account_2_2_, user0_.account_non_locked as account_3_2_, user0_.credentials_non_expired as credenti4_2_, user0_.email as email5_2_, user0_.enabled as enabled6_2_, user0_.failed_login as failed_l7_2_, user0_.lastname as lastname8_2_, user0_.name as name9_2_, user0_.password as passwor10_2_, user0_.username as usernam11_2_ from user user0_ where user0_.username=?
Hibernate: select roles0_.user_id as user_id1_3_0_, roles0_.roles as roles2_3_0_ from user_roles roles0_ where roles0_.user_id=?
Hibernate: select employee0_.id as id1_0_, employee0_.employee as employee2_0_, employee0_.period as period3_0_, employee0_.salary as salary4_0_ from employee employee0_ where employee0_.employee=?
?[1;31m
Start test 69?[0m
Hibernate: select user0_.id as id1_2_, user0_.account_non_expired as account_2_2_, user0_.account_non_locked as account_3_2_, user0_.credentials_non_expired as credenti4_2_, user0_.email as email5_2_, user0_.enabled as enabled6_2_, user0_.failed_login as failed_l7_2_, user0_.lastname as lastname8_2_, user0_.name as name9_2_, user0_.password as passwor10_2_, user0_.username as usernam11_2_ from user user0_ where user0_.username=?
Hibernate: select roles0_.user_id as user_id1_3_0_, roles0_.roles as roles2_3_0_ from user_roles roles0_ where roles0_.user_id=?
Hibernate: insert into event (id, action, date, object, path, subject) values (null, ?, ?, ?, ?, ?)
Hibernate: select user0_.id as id1_2_, user0_.account_non_expired as account_2_2_, user0_.account_non_locked as account_3_2_, user0_.credentials_non_expired as credenti4_2_, user0_.email as email5_2_, user0_.enabled as enabled6_2_, user0_.failed_login as failed_l7_2_, user0_.lastname as lastname8_2_, user0_.name as name9_2_, user0_.password as passwor10_2_, user0_.username as usernam11_2_ from user user0_ where user0_.username=?
Hibernate: select roles0_.user_id as user_id1_3_0_, roles0_.roles as roles2_3_0_ from user_roles roles0_ where roles0_.user_id=?
Hibernate: update user set account_non_expired=?, account_non_locked=?, credentials_non_expired=?, email=?, enabled=?, failed_login=?, lastname=?, name=?, password=?, username=? where id=?
?[1;31m
Start test 70?[0m
Hibernate: select user0_.id as id1_2_, user0_.account_non_expired as account_2_2_, user0_.account_non_locked as account_3_2_, user0_.credentials_non_expired as credenti4_2_, user0_.email as email5_2_, user0_.enabled as enabled6_2_, user0_.failed_login as failed_l7_2_, user0_.lastname as lastname8_2_, user0_.name as name9_2_, user0_.password as passwor10_2_, user0_.username as usernam11_2_ from user user0_ where user0_.username=?
Hibernate: select roles0_.user_id as user_id1_3_0_, roles0_.roles as roles2_3_0_ from user_roles roles0_ where roles0_.user_id=?
Hibernate: select employee0_.id as id1_0_, employee0_.employee as employee2_0_, employee0_.period as period3_0_, employee0_.salary as salary4_0_ from employee employee0_ where employee0_.employee=?
?[1;31m
Start test 71?[0m
Hibernate: select user0_.id as id1_2_, user0_.account_non_expired as account_2_2_, user0_.account_non_locked as account_3_2_, user0_.credentials_non_expired as credenti4_2_, user0_.email as email5_2_, user0_.enabled as enabled6_2_, user0_.failed_login as failed_l7_2_, user0_.lastname as lastname8_2_, user0_.name as name9_2_, user0_.password as passwor10_2_, user0_.username as usernam11_2_ from user user0_ where user0_.username=?
Hibernate: select roles0_.user_id as user_id1_3_0_, roles0_.roles as roles2_3_0_ from user_roles roles0_ where roles0_.user_id=?
Hibernate: select user0_.id as id1_2_, user0_.account_non_expired as account_2_2_, user0_.account_non_locked as account_3_2_, user0_.credentials_non_expired as credenti4_2_, user0_.email as email5_2_, user0_.enabled as enabled6_2_, user0_.failed_login as failed_l7_2_, user0_.lastname as lastname8_2_, user0_.name as name9_2_, user0_.password as passwor10_2_, user0_.username as usernam11_2_ from user user0_ where user0_.username=?
[...]
Hibernate: select user0_.id as id1_2_, user0_.account_non_expired as account_2_2_, user0_.account_non_locked as account_3_2_, user0_.credentials_non_expired as credenti4_2_, user0_.email as email5_2_, user0_.enabled as enabled6_2_, user0_.failed_login as failed_l7_2_, user0_.lastname as lastname8_2_, user0_.name as name9_2_, user0_.password as passwor10_2_, user0_.username as usernam11_2_ from user user0_ where user0_.username=?
Hibernate: select roles0_.user_id as user_id1_3_0_, roles0_.roles as roles2_3_0_ from user_roles roles0_ where roles0_.user_id=?
Hibernate: update user set account_non_expired=?, account_non_locked=?, credentials_non_expired=?, email=?, enabled=?, failed_login=?, lastname=?, name=?, password=?, username=? where id=?
?[1;31m
Start test 79?[0m
Hibernate: select user0_.id as id1_2_, user0_.account_non_expired as account_2_2_, user0_.account_non_locked as account_3_2_, user0_.credentials_non_expired as credenti4_2_, user0_.email as email5_2_, user0_.enabled as enabled6_2_, user0_.failed_login as failed_l7_2_, user0_.lastname as lastname8_2_, user0_.name as name9_2_, user0_.password as passwor10_2_, user0_.username as usernam11_2_ from user user0_ where user0_.username=?
Hibernate: select roles0_.user_id as user_id1_3_0_, roles0_.roles as roles2_3_0_ from user_roles roles0_ where roles0_.user_id=?
Hibernate: insert into event (id, action, date, object, path, subject) values (null, ?, ?, ?, ?, ?)
Hibernate: select user0_.id as id1_2_, user0_.account_non_expired as account_2_2_, user0_.account_non_locked as account_3_2_, user0_.credentials_non_expired as credenti4_2_, user0_.email as email5_2_, user0_.enabled as enabled6_2_, user0_.failed_login as failed_l7_2_, user0_.lastname as lastname8_2_, user0_.name as name9_2_, user0_.password as passwor10_2_, user0_.username as usernam11_2_ from user user0_ where user0_.username=?
Hibernate: select roles0_.user_id as user_id1_3_0_, roles0_.roles as roles2_3_0_ from user_roles roles0_ where roles0_.user_id=?
Hibernate: update user set account_non_expired=?, account_non_locked=?, credentials_non_expired=?, email=?, enabled=?, failed_login=?, lastname=?, name=?, password=?, username=? where id=?
?[1;31m
Start test 80?[0m
Hibernate: select user0_.id as id1_2_, user0_.account_non_expired as account_2_2_, user0_.account_non_locked as account_3_2_, user0_.credentials_non_expired as credenti4_2_, user0_.email as email5_2_, user0_.enabled as enabled6_2_, user0_.failed_login as failed_l7_2_, user0_.lastname as lastname8_2_, user0_.name as name9_2_, user0_.password as passwor10_2_, user0_.username as usernam11_2_ from user user0_ where user0_.username=?
Hibernate: select roles0_.user_id as user_id1_3_0_, roles0_.roles as roles2_3_0_ from user_roles roles0_ where roles0_.user_id=?
Hibernate: insert into event (id, action, date, object, path, subject) values (null, ?, ?, ?, ?, ?)
Hibernate: select user0_.id as id1_2_, user0_.account_non_expired as account_2_2_, user0_.account_non_locked as account_3_2_, user0_.credentials_non_expired as credenti4_2_, user0_.email as email5_2_, user0_.enabled as enabled6_2_, user0_.failed_login as failed_l7_2_, user0_.lastname as lastname8_2_, user0_.name as name9_2_, user0_.password as passwor10_2_, user0_.username as usernam11_2_ from user user0_ where user0_.username=?
Hibernate: select roles0_.user_id as user_id1_3_0_, roles0_.roles as roles2_3_0_ from user_roles roles0_ where roles0_.user_id=?
Hibernate: update user set account_non_expired=?, account_non_locked=?, credentials_non_expired=?, email=?, enabled=?, failed_login=?, lastname=?, name=?, password=?, username=? where id=?
?[1;31m
Start test 81?[0m
Hibernate: select user0_.id as id1_2_, user0_.account_non_expired as account_2_2_, user0_.account_non_locked as account_3_2_, user0_.credentials_non_expired as credenti4_2_, user0_.email as email5_2_, user0_.enabled as enabled6_2_, user0_.failed_login as failed_l7_2_, user0_.lastname as lastname8_2_, user0_.name as name9_2_, user0_.password as passwor10_2_, user0_.username as usernam11_2_ from user user0_ where user0_.username=?
Hibernate: select roles0_.user_id as user_id1_3_0_, roles0_.roles as roles2_3_0_ from user_roles roles0_ where roles0_.user_id=?
Hibernate: select employee0_.id as id1_0_, employee0_.employee as employee2_0_, employee0_.period as period3_0_, employee0_.salary as salary4_0_ from employee employee0_ where employee0_.employee=?
?[1;31m
Start test 82?[0m
Hibernate: select user0_.id as id1_2_, user0_.account_non_expired as account_2_2_, user0_.account_non_locked as account_3_2_, user0_.credentials_non_expired as credenti4_2_, user0_.email as email5_2_, user0_.enabled as enabled6_2_, user0_.failed_login as failed_l7_2_, user0_.lastname as lastname8_2_, user0_.name as name9_2_, user0_.password as passwor10_2_, user0_.username as usernam11_2_ from user user0_ where user0_.username=?
Hibernate: select roles0_.user_id as user_id1_3_0_, roles0_.roles as roles2_3_0_ from user_roles roles0_ where roles0_.user_id=?
Hibernate: insert into event (id, action, date, object, path, subject) values (null, ?, ?, ?, ?, ?)
Hibernate: select user0_.id as id1_2_, user0_.account_non_expired as account_2_2_, user0_.account_non_locked as account_3_2_, user0_.credentials_non_expired as credenti4_2_, user0_.email as email5_2_, user0_.enabled as enabled6_2_, user0_.failed_login as failed_l7_2_, user0_.lastname as lastname8_2_, user0_.name as name9_2_, user0_.password as passwor10_2_, user0_.username as usernam11_2_ from user user0_ where user0_.username=?
Hibernate: select roles0_.user_id as user_id1_3_0_, roles0_.roles as roles2_3_0_ from user_roles roles0_ where roles0_.user_id=?
Hibernate: update user set account_non_expired=?, account_non_locked=?, credentials_non_expired=?, email=?, enabled=?, failed_login=?, lastname=?, name=?, password=?, username=? where id=?
?[1;31m
Start test 83?[0m
Hibernate: select user0_.id as id1_2_, user0_.account_non_expired as account_2_2_, user0_.account_non_locked as account_3_2_, user0_.credentials_non_expired as credenti4_2_, user0_.email as email5_2_, user0_.enabled as enabled6_2_, user0_.failed_login as failed_l7_2_, user0_.lastname as lastname8_2_, user0_.name as name9_2_, user0_.password as passwor10_2_, user0_.username as usernam11_2_ from user user0_ where user0_.username=?
Hibernate: select roles0_.user_id as user_id1_3_0_, roles0_.roles as roles2_3_0_ from user_roles roles0_ where roles0_.user_id=?
Hibernate: select employee0_.id as id1_0_, employee0_.employee as employee2_0_, employee0_.period as period3_0_, employee0_.salary as salary4_0_ from employee employee0_ where employee0_.employee=?
?[1;31m
Start test 84?[0m
Hibernate: select user0_.id as id1_2_, user0_.account_non_expired as account_2_2_, user0_.account_non_locked as account_3_2_, user0_.credentials_non_expired as credenti4_2_, user0_.email as email5_2_, user0_.enabled as enabled6_2_, user0_.failed_login as failed_l7_2_, user0_.lastname as lastname8_2_, user0_.name as name9_2_, user0_.password as passwor10_2_, user0_.username as usernam11_2_ from user user0_ where user0_.username=?
Hibernate: select roles0_.user_id as user_id1_3_0_, roles0_.roles as roles2_3_0_ from user_roles roles0_ where roles0_.user_id=?
Hibernate: insert into event (id, action, date, object, path, subject) values (null, ?, ?, ?, ?, ?)
Hibernate: select user0_.id as id1_2_, user0_.account_non_expired as account_2_2_, user0_.account_non_locked as account_3_2_, user0_.credentials_non_expired as credenti4_2_, user0_.email as email5_2_, user0_.enabled as enabled6_2_, user0_.failed_login as failed_l7_2_, user0_.lastname as lastname8_2_, user0_.name as name9_2_, user0_.password as passwor10_2_, user0_.username as usernam11_2_ from user user0_ where user0_.username=?
Hibernate: select roles0_.user_id as user_id1_3_0_, roles0_.roles as roles2_3_0_ from user_roles roles0_ where roles0_.user_id=?
Hibernate: insert into event (id, action, date, object, path, subject) values (null, ?, ?, ?, ?, ?)
Hibernate: insert into event (id, action, date, object, path, subject) values (null, ?, ?, ?, ?, ?)
Hibernate: update user set account_non_expired=?, account_non_locked=?, credentials_non_expired=?, email=?, enabled=?, failed_login=?, lastname=?, name=?, password=?, username=? where id=?
?[1;31m
Start test 85?[0m
Hibernate: select user0_.id as id1_2_, user0_.account_non_expired as account_2_2_, user0_.account_non_locked as account_3_2_, user0_.credentials_non_expired as credenti4_2_, user0_.email as email5_2_, user0_.enabled as enabled6_2_, user0_.failed_login as failed_l7_2_, user0_.lastname as lastname8_2_, user0_.name as name9_2_, user0_.password as passwor10_2_, user0_.username as usernam11_2_ from user user0_ where user0_.username=?
Hibernate: select roles0_.user_id as user_id1_3_0_, roles0_.roles as roles2_3_0_ from user_roles roles0_ where roles0_.user_id=?
?[1;31m
Start test 86?[0m
Hibernate: select user0_.id as id1_2_, user0_.account_non_expired as account_2_2_, user0_.account_non_locked as account_3_2_, user0_.credentials_non_expired as credenti4_2_, user0_.email as email5_2_, user0_.enabled as enabled6_2_, user0_.failed_login as failed_l7_2_, user0_.lastname as lastname8_2_, user0_.name as name9_2_, user0_.password as passwor10_2_, user0_.username as usernam11_2_ from user user0_ where user0_.username=?
Hibernate: select roles0_.user_id as user_id1_3_0_, roles0_.roles as roles2_3_0_ from user_roles roles0_ where roles0_.user_id=?
?[1;31m
Start test 87?[0m
Hibernate: select user0_.id as id1_2_, user0_.account_non_expired as account_2_2_, user0_.account_non_locked as account_3_2_, user0_.credentials_non_expired as credenti4_2_, user0_.email as email5_2_, user0_.enabled as enabled6_2_, user0_.failed_login as failed_l7_2_, user0_.lastname as lastname8_2_, user0_.name as name9_2_, user0_.password as passwor10_2_, user0_.username as usernam11_2_ from user user0_ where user0_.username=?
Hibernate: select roles0_.user_id as user_id1_3_0_, roles0_.roles as roles2_3_0_ from user_roles roles0_ where roles0_.user_id=?
?[1;31m
Start test 88?[0m
Hibernate: select user0_.id as id1_2_, user0_.account_non_expired as account_2_2_, user0_.account_non_locked as account_3_2_, user0_.credentials_non_expired as credenti4_2_, user0_.email as email5_2_, user0_.enabled as enabled6_2_, user0_.failed_login as failed_l7_2_, user0_.lastname as lastname8_2_, user0_.name as name9_2_, user0_.password as passwor10_2_, user0_.username as usernam11_2_ from user user0_ where user0_.username=?
Hibernate: select roles0_.user_id as user_id1_3_0_, roles0_.roles as roles2_3_0_ from user_roles roles0_ where roles0_.user_id=?
?[1;31m
Start test 89?[0m
Hibernate: select user0_.id as id1_2_, user0_.account_non_expired as account_2_2_, user0_.account_non_locked as account_3_2_, user0_.credentials_non_expired as credenti4_2_, user0_.email as email5_2_, user0_.enabled as enabled6_2_, user0_.failed_login as failed_l7_2_, user0_.lastname as lastname8_2_, user0_.name as name9_2_, user0_.password as passwor10_2_, user0_.username as usernam11_2_ from user user0_ where user0_.username=?
Hibernate: select roles0_.user_id as user_id1_3_0_, roles0_.roles as roles2_3_0_ from user_roles roles0_ where roles0_.user_id=?
?[1;31m
Start test 90?[0m
Hibernate: select user0_.id as id1_2_, user0_.account_non_expired as account_2_2_, user0_.account_non_locked as account_3_2_, user0_.credentials_non_expired as credenti4_2_, user0_.email as email5_2_, user0_.enabled as enabled6_2_, user0_.failed_login as failed_l7_2_, user0_.lastname as lastname8_2_, user0_.name as name9_2_, user0_.password as passwor10_2_, user0_.username as usernam11_2_ from user user0_ where user0_.username=?
Hibernate: select roles0_.user_id as user_id1_3_0_, roles0_.roles as roles2_3_0_ from user_roles roles0_ where roles0_.user_id=?
Hibernate: insert into event (id, action, date, object, path, subject) values (null, ?, ?, ?, ?, ?)
Hibernate: select user0_.id as id1_2_, user0_.account_non_expired as account_2_2_, user0_.account_non_locked as account_3_2_, user0_.credentials_non_expired as credenti4_2_, user0_.email as email5_2_, user0_.enabled as enabled6_2_, user0_.failed_login as failed_l7_2_, user0_.lastname as lastname8_2_, user0_.name as name9_2_, user0_.password as passwor10_2_, user0_.username as usernam11_2_ from user user0_ where user0_.username=?
Hibernate: select roles0_.user_id as user_id1_3_0_, roles0_.roles as roles2_3_0_ from user_roles roles0_ where roles0_.user_id=?
Hibernate: update user set account_non_expired=?, account_non_locked=?, credentials_non_expired=?, email=?, enabled=?, failed_login=?, lastname=?, name=?, password=?, username=? where id=?
?[1;31m
Start test 91?[0m
Hibernate: select user0_.id as id1_2_, user0_.account_non_expired as account_2_2_, user0_.account_non_locked as account_3_2_, user0_.credentials_non_expired as credenti4_2_, user0_.email as email5_2_, user0_.enabled as enabled6_2_, user0_.failed_login as failed_l7_2_, user0_.lastname as lastname8_2_, user0_.name as name9_2_, user0_.password as passwor10_2_, user0_.username as usernam11_2_ from user user0_ where user0_.username=?
Hibernate: select roles0_.user_id as user_id1_3_0_, roles0_.roles as roles2_3_0_ from user_roles roles0_ where roles0_.user_id=?
Hibernate: insert into event (id, action, date, object, path, subject) values (null, ?, ?, ?, ?, ?)
Hibernate: select user0_.id as id1_2_, user0_.account_non_expired as account_2_2_, user0_.account_non_locked as account_3_2_, user0_.credentials_non_expired as credenti4_2_, user0_.email as email5_2_, user0_.enabled as enabled6_2_, user0_.failed_login as failed_l7_2_, user0_.lastname as lastname8_2_, user0_.name as name9_2_, user0_.password as passwor10_2_, user0_.username as usernam11_2_ from user user0_ where user0_.username=?
Hibernate: select roles0_.user_id as user_id1_3_0_, roles0_.roles as roles2_3_0_ from user_roles roles0_ where roles0_.user_id=?
Hibernate: update user set account_non_expired=?, account_non_locked=?, credentials_non_expired=?, email=?, enabled=?, failed_login=?, lastname=?, name=?, password=?, username=? where id=?
?[1;31m
Start test 92?[0m
Hibernate: select user0_.id as id1_2_, user0_.account_non_expired as account_2_2_, user0_.account_non_locked as account_3_2_, user0_.credentials_non_expired as credenti4_2_, user0_.email as email5_2_, user0_.enabled as enabled6_2_, user0_.failed_login as failed_l7_2_, user0_.lastname as lastname8_2_, user0_.name as name9_2_, user0_.password as passwor10_2_, user0_.username as usernam11_2_ from user user0_ where user0_.username=?
Hibernate: select roles0_.user_id as user_id1_3_0_, roles0_.roles as roles2_3_0_ from user_roles roles0_ where roles0_.user_id=?
Hibernate: insert into event (id, action, date, object, path, subject) values (null, ?, ?, ?, ?, ?)
Hibernate: select user0_.id as id1_2_, user0_.account_non_expired as account_2_2_, user0_.account_non_locked as account_3_2_, user0_.credentials_non_expired as credenti4_2_, user0_.email as email5_2_, user0_.enabled as enabled6_2_, user0_.failed_login as failed_l7_2_, user0_.lastname as lastname8_2_, user0_.name as name9_2_, user0_.password as passwor10_2_, user0_.username as usernam11_2_ from user user0_ where user0_.username=?
Hibernate: select roles0_.user_id as user_id1_3_0_, roles0_.roles as roles2_3_0_ from user_roles roles0_ where roles0_.user_id=?
Hibernate: update user set account_non_expired=?, account_non_locked=?, credentials_non_expired=?, email=?, enabled=?, failed_login=?, lastname=?, name=?, password=?, username=? where id=?
?[1;31m
Start test 93?[0m
Hibernate: select user0_.id as id1_2_, user0_.account_non_expired as account_2_2_, user0_.account_non_locked as account_3_2_, user0_.credentials_non_expired as credenti4_2_, user0_.email as email5_2_, user0_.enabled as enabled6_2_, user0_.failed_login as failed_l7_2_, user0_.lastname as lastname8_2_, user0_.name as name9_2_, user0_.password as passwor10_2_, user0_.username as usernam11_2_ from user user0_ where user0_.username=?
Hibernate: select roles0_.user_id as user_id1_3_0_, roles0_.roles as roles2_3_0_ from user_roles roles0_ where roles0_.user_id=?
Hibernate: insert into event (id, action, date, object, path, subject) values (null, ?, ?, ?, ?, ?)
Hibernate: select user0_.id as id1_2_, user0_.account_non_expired as account_2_2_, user0_.account_non_locked as account_3_2_, user0_.credentials_non_expired as credenti4_2_, user0_.email as email5_2_, user0_.enabled as enabled6_2_, user0_.failed_login as failed_l7_2_, user0_.lastname as lastname8_2_, user0_.name as name9_2_, user0_.password as passwor10_2_, user0_.username as usernam11_2_ from user user0_ where user0_.username=?
Hibernate: select roles0_.user_id as user_id1_3_0_, roles0_.roles as roles2_3_0_ from user_roles roles0_ where roles0_.user_id=?
Hibernate: update user set account_non_expired=?, account_non_locked=?, credentials_non_expired=?, email=?, enabled=?, failed_login=?, lastname=?, name=?, password=?, username=? where id=?
?[1;31m
Start test 94?[0m
Hibernate: select user0_.id as id1_2_, user0_.account_non_expired as account_2_2_, user0_.account_non_locked as account_3_2_, user0_.credentials_non_expired as credenti4_2_, user0_.email as email5_2_, user0_.enabled as enabled6_2_, user0_.failed_login as failed_l7_2_, user0_.lastname as lastname8_2_, user0_.name as name9_2_, user0_.password as passwor10_2_, user0_.username as usernam11_2_ from user user0_ where user0_.username=?
Hibernate: select roles0_.user_id as user_id1_3_0_, roles0_.roles as roles2_3_0_ from user_roles roles0_ where roles0_.user_id=?
Hibernate: insert into event (id, action, date, object, path, subject) values (null, ?, ?, ?, ?, ?)
Hibernate: select user0_.id as id1_2_, user0_.account_non_expired as account_2_2_, user0_.account_non_locked as account_3_2_, user0_.credentials_non_expired as credenti4_2_, user0_.email as email5_2_, user0_.enabled as enabled6_2_, user0_.failed_login as failed_l7_2_, user0_.lastname as lastname8_2_, user0_.name as name9_2_, user0_.password as passwor10_2_, user0_.username as usernam11_2_ from user user0_ where user0_.username=?
Hibernate: select roles0_.user_id as user_id1_3_0_, roles0_.roles as roles2_3_0_ from user_roles roles0_ where roles0_.user_id=?
Hibernate: update user set account_non_expired=?, account_non_locked=?, credentials_non_expired=?, email=?, enabled=?, failed_login=?, lastname=?, name=?, password=?, username=? where id=?
?[1;31m
Start test 95?[0m
Hibernate: select user0_.id as id1_2_, user0_.account_non_expired as account_2_2_, user0_.account_non_locked as account_3_2_, user0_.credentials_non_expired as credenti4_2_, user0_.email as email5_2_, user0_.enabled as enabled6_2_, user0_.failed_login as failed_l7_2_, user0_.lastname as lastname8_2_, user0_.name as name9_2_, user0_.password as passwor10_2_, user0_.username as usernam11_2_ from user user0_ where user0_.username=?
Hibernate: select roles0_.user_id as user_id1_3_0_, roles0_.roles as roles2_3_0_ from user_roles roles0_ where roles0_.user_id=?
Hibernate: select user0_.id as id1_2_, user0_.account_non_expired as account_2_2_, user0_.account_non_locked as account_3_2_, user0_.credentials_non_expired as credenti4_2_, user0_.email as email5_2_, user0_.enabled as enabled6_2_, user0_.failed_login as failed_l7_2_, user0_.lastname as lastname8_2_, user0_.name as name9_2_, user0_.password as passwor10_2_, user0_.username as usernam11_2_ from user user0_
Hibernate: select roles0_.user_id as user_id1_3_0_, roles0_.roles as roles2_3_0_ from user_roles roles0_ where roles0_.user_id=?
Hibernate: select roles0_.user_id as user_id1_3_0_, roles0_.roles as roles2_3_0_ from user_roles roles0_ where roles0_.user_id=?
Hibernate: select roles0_.user_id as user_id1_3_0_, roles0_.roles as roles2_3_0_ from user_roles roles0_ where roles0_.user_id=?
Hibernate: select roles0_.user_id as user_id1_3_0_, roles0_.roles as roles2_3_0_ from user_roles roles0_ where roles0_.user_id=?
]]></system-out>
  <system-err><![CDATA[]]></system-err>
</testsuite>
