<?xml version="1.0" encoding="UTF-8"?>
<testsuite name="AccountServiceTest" tests="1" skipped="0" failures="0" errors="0" timestamp="2022-08-20T10:33:23" hostname="DESKTOP-5U6L102" time="5.53">
  <properties/>
  <testcase name="start" classname="AccountServiceTest" time="5.53"/>
  <system-out><![CDATA[?[1;31m
Start test 1?[0m

  .   ____          _            __ _ _
 /\\ / ___'_ __ _ _(_)_ __  __ _ \ \ \ \
( ( )\___ | '_ | '_| | '_ \/ _` | \ \ \ \
 \\/  ___)| |_)| | | | | || (_| |  ) ) ) )
  '  |____| .__|_| |_|_| |_\__, | / / / /
 =========|_|==============|___/=/_/_/_/
 :: Spring Boot ::        (v2.3.1.RELEASE)

2022-08-20 14:33:24.848  INFO 8004 --- [    Test worker] account.AccountServiceApplication        : Starting AccountServiceApplication on DESKTOP-5U6L102 with PID 8004 (started by sergdm in C:\java\hyperskill.org\Account Service\Account Service\task)
2022-08-20 14:33:24.868  INFO 8004 --- [    Test worker] account.AccountServiceApplication        : No active profile set, falling back to default profiles: default
2022-08-20 14:33:27.024  INFO 8004 --- [    Test worker] o.s.b.w.embedded.tomcat.TomcatWebServer  : Tomcat initialized with port(s): 28852 (http)
2022-08-20 14:33:27.044  INFO 8004 --- [    Test worker] o.apache.catalina.core.StandardService   : Starting service [Tomcat]
2022-08-20 14:33:27.044  INFO 8004 --- [    Test worker] org.apache.catalina.core.StandardEngine  : Starting Servlet engine: [Apache Tomcat/9.0.36]
2022-08-20 14:33:27.187  INFO 8004 --- [    Test worker] o.a.c.c.C.[Tomcat].[localhost].[/]       : Initializing Spring embedded WebApplicationContext
2022-08-20 14:33:27.187  INFO 8004 --- [    Test worker] w.s.c.ServletWebServerApplicationContext : Root WebApplicationContext: initialization completed in 2225 ms
2022-08-20 14:33:27.608  INFO 8004 --- [    Test worker] o.s.s.concurrent.ThreadPoolTaskExecutor  : Initializing ExecutorService 'applicationTaskExecutor'
2022-08-20 14:33:28.061  INFO 8004 --- [    Test worker] o.s.b.a.e.web.EndpointLinksResolver      : Exposing 14 endpoint(s) beneath base path '/actuator'
2022-08-20 14:33:28.126  INFO 8004 --- [    Test worker] o.s.b.w.embedded.tomcat.TomcatWebServer  : Tomcat started on port(s): 28852 (http) with context path ''
2022-08-20 14:33:28.146  INFO 8004 --- [    Test worker] account.AccountServiceApplication        : Started AccountServiceApplication in 3.905 seconds (JVM running for 5.149)
2022-08-20 14:33:28.804  INFO 8004 --- [io-28852-exec-1] o.a.c.c.C.[Tomcat].[localhost].[/]       : Initializing Spring DispatcherServlet 'dispatcherServlet'
2022-08-20 14:33:28.804  INFO 8004 --- [io-28852-exec-1] o.s.web.servlet.DispatcherServlet        : Initializing Servlet 'dispatcherServlet'
2022-08-20 14:33:28.824  INFO 8004 --- [io-28852-exec-1] o.s.web.servlet.DispatcherServlet        : Completed initialization in 20 ms
?[1;31m
Start test 2?[0m
?[1;31m
Start test 3?[0m
?[1;31m
Start test 4?[0m
?[1;31m
Start test 5?[0m
?[1;31m
Start test 6?[0m
?[1;31m
Start test 7?[0m
?[1;31m
Start test 8?[0m
?[1;31m
Start test 9?[0m
?[1;31m
Start test 10?[0m
?[1;31m
Start test 11?[0m
?[1;31m
Start test 12?[0m
2022-08-20 14:33:29.187  WARN 8004 --- [io-28852-exec-2] .w.s.m.s.DefaultHandlerExceptionResolver : Resolved [org.springframework.web.HttpRequestMethodNotSupportedException: Request method 'GET' not supported]
2022-08-20 14:33:29.200  WARN 8004 --- [io-28852-exec-3] .w.s.m.s.DefaultHandlerExceptionResolver : Resolved [org.springframework.web.HttpRequestMethodNotSupportedException: Request method 'PUT' not supported]
2022-08-20 14:33:29.210  WARN 8004 --- [io-28852-exec-4] .w.s.m.s.DefaultHandlerExceptionResolver : Resolved [org.springframework.web.HttpRequestMethodNotSupportedException: Request method 'DELETE' not supported]
?[1;31m
Start test 13?[0m
]]></system-out>
  <system-err><![CDATA[]]></system-err>
</testsuite>
